<?xml version="1.0" encoding="UTF-8"?>
<robot generator="Robot 3.1.1 (Python 3.7.3 on win32)" generated="20190528 19:02:28.862" rpa="false">
<suite id="s1" name="ustory1 BuyanEquity" source="C:\Users\Shivam.raghuwanshi\PycharmProjects\MyPoc\testsuite\ustory1_BuyanEquity.robot">
<test id="s1-t1" name="1: Install and Open App">
<kw name="Install and Open application" library="utility_setup">
<kw name="Open Application" library="AppiumLibrary">
<doc>Opens a new application to given Appium server.
Capabilities of appium server, Android and iOS,
Please check https://github.com/appium/appium/blob/master/docs/en/writing-running-appium/server-args.md
| *Option*            | *Man.* | *Description*     |
| remote_url          | Yes    | Appium server url |
| alias               | no     | alias             |</doc>
<arguments>
<arg>${appium_host}</arg>
<arg>platformName=${platformName}</arg>
<arg>platformVersion=${platform_version}</arg>
<arg>deviceName=${deviceName}</arg>
<arg>app=${app}</arg>
<arg>appPackage=${appPackage}</arg>
<arg>appActivity=${appActivity}</arg>
</arguments>
<kw name="Capture Page Screenshot" library="AppiumLibrary">
<doc>Takes a screenshot of the current page and embeds it into the log.</doc>
<msg timestamp="20190528 19:02:52.461" level="FAIL">No application is open</msg>
<status status="FAIL" starttime="20190528 19:02:52.457" endtime="20190528 19:02:52.461"></status>
</kw>
<msg timestamp="20190528 19:02:52.465" level="WARN">Keyword 'Capture Page Screenshot' could not be run on failure: No application is open</msg>
<msg timestamp="20190528 19:02:52.468" level="FAIL">WebDriverException: Message: An unknown server-side error occurred while processing the command. Original error: Cannot start the 'io.appium.settings' application. Visit https://github.com/appium/appium/blob/master/docs/en/writing-running-appium/android/activity-startup.md for troubleshooting. Original error: Error executing adbExec. Original error: 'Command 'C\:\\Users\\Shivam.raghuwanshi\\AppData\\Local\\Android\\Sdk\\platform-tools\\adb.exe -P 5037 -s 254367b3 shell am start -W -n io.appium.settings/.Settings -a android.intent.action.MAIN -c android.intent.category.LAUNCHER -f 0x10200000' timed out after 20000ms'. Try to increase the 20000ms adb execution timeout represented by 'adbExecTimeout' capability
</msg>
<status status="FAIL" starttime="20190528 19:02:29.351" endtime="20190528 19:02:52.469"></status>
</kw>
<status status="FAIL" starttime="20190528 19:02:29.350" endtime="20190528 19:02:52.469"></status>
</kw>
<status status="FAIL" starttime="20190528 19:02:29.350" endtime="20190528 19:02:52.469" critical="yes">WebDriverException: Message: An unknown server-side error occurred while processing the command. Original error: Cannot start the 'io.appium.settings' application. Visit https://github.com/appium/appium/blob/master/docs/en/writing-running-appium/android/activity-startup.md for troubleshooting. Original error: Error executing adbExec. Original error: 'Command 'C\:\\Users\\Shivam.raghuwanshi\\AppData\\Local\\Android\\Sdk\\platform-tools\\adb.exe -P 5037 -s 254367b3 shell am start -W -n io.appium.settings/.Settings -a android.intent.action.MAIN -c android.intent.category.LAUNCHER -f 0x10200000' timed out after 20000ms'. Try to increase the 20000ms adb execution timeout represented by 'adbExecTimeout' capability
</status>
</test>
<test id="s1-t2" name="2: Navigate to Home Screen">
<kw name="Click on Skip Button" library="screen1_landing">
<kw name="Click Element" library="AppiumLibrary">
<doc>Click element identified by `locator`.</doc>
<arguments>
<arg>${skip_button}</arg>
</arguments>
<msg timestamp="20190528 19:02:52.475" level="INFO">Clicking element 'in.upstox.pro:id/intro_btn_skip'.</msg>
<kw name="Capture Page Screenshot" library="AppiumLibrary">
<doc>Takes a screenshot of the current page and embeds it into the log.</doc>
<msg timestamp="20190528 19:02:52.478" level="FAIL">No application is open</msg>
<status status="FAIL" starttime="20190528 19:02:52.476" endtime="20190528 19:02:52.478"></status>
</kw>
<msg timestamp="20190528 19:02:52.482" level="WARN">Keyword 'Capture Page Screenshot' could not be run on failure: No application is open</msg>
<msg timestamp="20190528 19:02:52.484" level="FAIL">No application is open</msg>
<status status="FAIL" starttime="20190528 19:02:52.471" endtime="20190528 19:02:52.484"></status>
</kw>
<status status="FAIL" starttime="20190528 19:02:52.471" endtime="20190528 19:02:52.485"></status>
</kw>
<status status="FAIL" starttime="20190528 19:02:52.470" endtime="20190528 19:02:52.485" critical="yes">No application is open</status>
</test>
<test id="s1-t3" name="3. Log-in through left drawer">
<kw name="Open the left drwaer" library="screen2_home">
<kw name="Wait for Element to get visible" library="screen1_landing">
<arguments>
<arg>${leftmenu}</arg>
</arguments>
<kw name="Wait Until Element Is Visible" library="AppiumLibrary">
<doc>Waits until element specified with `locator` is visible.</doc>
<arguments>
<arg>${element}</arg>
<arg>${high_wait_time}</arg>
</arguments>
<kw name="Capture Page Screenshot" library="AppiumLibrary">
<doc>Takes a screenshot of the current page and embeds it into the log.</doc>
<msg timestamp="20190528 19:02:52.490" level="FAIL">No application is open</msg>
<status status="FAIL" starttime="20190528 19:02:52.488" endtime="20190528 19:02:52.490"></status>
</kw>
<msg timestamp="20190528 19:02:52.494" level="WARN">Keyword 'Capture Page Screenshot' could not be run on failure: No application is open</msg>
<msg timestamp="20190528 19:02:52.496" level="FAIL">No application is open</msg>
<status status="FAIL" starttime="20190528 19:02:52.487" endtime="20190528 19:02:52.496"></status>
</kw>
<status status="FAIL" starttime="20190528 19:02:52.487" endtime="20190528 19:02:52.497"></status>
</kw>
<status status="FAIL" starttime="20190528 19:02:52.486" endtime="20190528 19:02:52.497"></status>
</kw>
<status status="FAIL" starttime="20190528 19:02:52.486" endtime="20190528 19:02:52.497" critical="yes">No application is open</status>
</test>
<test id="s1-t4" name="4. Select and Buy the provided Equity">
<kw name="Select Given Equity" library="screen2_home">
<kw name="Swipe By Percent" library="AppiumLibrary">
<doc>Swipe from one percent of the screen to another percent, for an optional duration.
Normal swipe fails to scale for different screen resolutions, this can be avoided using percent.</doc>
<arguments>
<arg>${swipe_x}</arg>
<arg>${swipe_y}</arg>
<arg>${swipe_end_x}</arg>
<arg>${swipe_end_y}</arg>
</arguments>
<kw name="Capture Page Screenshot" library="AppiumLibrary">
<doc>Takes a screenshot of the current page and embeds it into the log.</doc>
<msg timestamp="20190528 19:02:52.501" level="FAIL">No application is open</msg>
<status status="FAIL" starttime="20190528 19:02:52.499" endtime="20190528 19:02:52.502"></status>
</kw>
<msg timestamp="20190528 19:02:52.506" level="WARN">Keyword 'Capture Page Screenshot' could not be run on failure: No application is open</msg>
<kw name="Capture Page Screenshot" library="AppiumLibrary">
<doc>Takes a screenshot of the current page and embeds it into the log.</doc>
<msg timestamp="20190528 19:02:52.510" level="FAIL">No application is open</msg>
<status status="FAIL" starttime="20190528 19:02:52.507" endtime="20190528 19:02:52.510"></status>
</kw>
<msg timestamp="20190528 19:02:52.514" level="WARN">Keyword 'Capture Page Screenshot' could not be run on failure: No application is open</msg>
<msg timestamp="20190528 19:02:52.516" level="FAIL">No application is open</msg>
<status status="FAIL" starttime="20190528 19:02:52.499" endtime="20190528 19:02:52.516"></status>
</kw>
<status status="FAIL" starttime="20190528 19:02:52.498" endtime="20190528 19:02:52.516"></status>
</kw>
<status status="FAIL" starttime="20190528 19:02:52.498" endtime="20190528 19:02:52.517" critical="yes">No application is open</status>
</test>
<test id="s1-t5" name="5. Verify the Contents present at Equity port screen">
<kw name="Verify the sell button present" library="screen3_equityports">
<kw name="Wait for Element to get visible" library="screen1_landing">
<arguments>
<arg>${sell_button}</arg>
</arguments>
<kw name="Wait Until Element Is Visible" library="AppiumLibrary">
<doc>Waits until element specified with `locator` is visible.</doc>
<arguments>
<arg>${element}</arg>
<arg>${high_wait_time}</arg>
</arguments>
<kw name="Capture Page Screenshot" library="AppiumLibrary">
<doc>Takes a screenshot of the current page and embeds it into the log.</doc>
<msg timestamp="20190528 19:02:52.522" level="FAIL">No application is open</msg>
<status status="FAIL" starttime="20190528 19:02:52.520" endtime="20190528 19:02:52.522"></status>
</kw>
<msg timestamp="20190528 19:02:52.527" level="WARN">Keyword 'Capture Page Screenshot' could not be run on failure: No application is open</msg>
<msg timestamp="20190528 19:02:52.528" level="FAIL">No application is open</msg>
<status status="FAIL" starttime="20190528 19:02:52.519" endtime="20190528 19:02:52.528"></status>
</kw>
<status status="FAIL" starttime="20190528 19:02:52.519" endtime="20190528 19:02:52.528"></status>
</kw>
<status status="FAIL" starttime="20190528 19:02:52.518" endtime="20190528 19:02:52.529"></status>
</kw>
<status status="FAIL" starttime="20190528 19:02:52.518" endtime="20190528 19:02:52.529" critical="yes">No application is open</status>
</test>
<test id="s1-t6" name="6. Fill all the purchase details">
<kw name="Enter the quantity" library="screen4_buyEquity">
<arguments>
<arg>${quantiy_of_product}</arg>
</arguments>
<kw name="Wait for Element to get visible" library="screen1_landing">
<arguments>
<arg>${quantity}</arg>
</arguments>
<kw name="Wait Until Element Is Visible" library="AppiumLibrary">
<doc>Waits until element specified with `locator` is visible.</doc>
<arguments>
<arg>${element}</arg>
<arg>${high_wait_time}</arg>
</arguments>
<kw name="Capture Page Screenshot" library="AppiumLibrary">
<doc>Takes a screenshot of the current page and embeds it into the log.</doc>
<msg timestamp="20190528 19:02:52.534" level="FAIL">No application is open</msg>
<status status="FAIL" starttime="20190528 19:02:52.531" endtime="20190528 19:02:52.534"></status>
</kw>
<msg timestamp="20190528 19:02:52.538" level="WARN">Keyword 'Capture Page Screenshot' could not be run on failure: No application is open</msg>
<msg timestamp="20190528 19:02:52.540" level="FAIL">No application is open</msg>
<status status="FAIL" starttime="20190528 19:02:52.531" endtime="20190528 19:02:52.540"></status>
</kw>
<status status="FAIL" starttime="20190528 19:02:52.531" endtime="20190528 19:02:52.540"></status>
</kw>
<status status="FAIL" starttime="20190528 19:02:52.530" endtime="20190528 19:02:52.540"></status>
</kw>
<status status="FAIL" starttime="20190528 19:02:52.530" endtime="20190528 19:02:52.540" critical="yes">No application is open</status>
</test>
<test id="s1-t7" name="7. Verify the details and buy the Equity">
<kw name="Review all the details" library="screen5_reviewAndbuy">
<kw name="Wait for Element to get visible" library="screen1_landing">
<arguments>
<arg>${review_screen}</arg>
</arguments>
<kw name="Wait Until Element Is Visible" library="AppiumLibrary">
<doc>Waits until element specified with `locator` is visible.</doc>
<arguments>
<arg>${element}</arg>
<arg>${high_wait_time}</arg>
</arguments>
<kw name="Capture Page Screenshot" library="AppiumLibrary">
<doc>Takes a screenshot of the current page and embeds it into the log.</doc>
<msg timestamp="20190528 19:02:52.546" level="FAIL">No application is open</msg>
<status status="FAIL" starttime="20190528 19:02:52.543" endtime="20190528 19:02:52.546"></status>
</kw>
<msg timestamp="20190528 19:02:52.550" level="WARN">Keyword 'Capture Page Screenshot' could not be run on failure: No application is open</msg>
<msg timestamp="20190528 19:02:52.552" level="FAIL">No application is open</msg>
<status status="FAIL" starttime="20190528 19:02:52.543" endtime="20190528 19:02:52.552"></status>
</kw>
<status status="FAIL" starttime="20190528 19:02:52.542" endtime="20190528 19:02:52.552"></status>
</kw>
<status status="FAIL" starttime="20190528 19:02:52.542" endtime="20190528 19:02:52.552"></status>
</kw>
<status status="FAIL" starttime="20190528 19:02:52.541" endtime="20190528 19:02:52.552" critical="yes">No application is open</status>
</test>
<doc>This Suite Contains the Test Cases for Install and Launcher Activity</doc>
<status status="FAIL" starttime="20190528 19:02:28.866" endtime="20190528 19:02:52.554"></status>
</suite>
<statistics>
<total>
<stat pass="0" fail="7">Critical Tests</stat>
<stat pass="0" fail="7">All Tests</stat>
</total>
<tag>
</tag>
<suite>
<stat pass="0" fail="7" id="s1" name="ustory1 BuyanEquity">ustory1 BuyanEquity</stat>
</suite>
</statistics>
<errors>
<msg timestamp="20190528 19:02:52.465" level="WARN">Keyword 'Capture Page Screenshot' could not be run on failure: No application is open</msg>
<msg timestamp="20190528 19:02:52.482" level="WARN">Keyword 'Capture Page Screenshot' could not be run on failure: No application is open</msg>
<msg timestamp="20190528 19:02:52.494" level="WARN">Keyword 'Capture Page Screenshot' could not be run on failure: No application is open</msg>
<msg timestamp="20190528 19:02:52.506" level="WARN">Keyword 'Capture Page Screenshot' could not be run on failure: No application is open</msg>
<msg timestamp="20190528 19:02:52.514" level="WARN">Keyword 'Capture Page Screenshot' could not be run on failure: No application is open</msg>
<msg timestamp="20190528 19:02:52.527" level="WARN">Keyword 'Capture Page Screenshot' could not be run on failure: No application is open</msg>
<msg timestamp="20190528 19:02:52.538" level="WARN">Keyword 'Capture Page Screenshot' could not be run on failure: No application is open</msg>
<msg timestamp="20190528 19:02:52.550" level="WARN">Keyword 'Capture Page Screenshot' could not be run on failure: No application is open</msg>
</errors>
</robot>
