<?xml version="1.0" encoding="UTF-8"?>
<robot generator="Robot 3.1.1 (Python 3.7.3 on win32)" generated="20190528 21:26:26.884" rpa="false">
<suite id="s1" name="ustory1 BuyanEquity" source="C:\Users\Shivam.raghuwanshi\PycharmProjects\MyPoc\testsuite\ustory1_BuyanEquity.robot">
<test id="s1-t1" name="1: Install and Open App">
<kw name="Install and Open application" library="utility_setup">
<kw name="Open Application" library="AppiumLibrary">
<doc>Opens a new application to given Appium server.
Capabilities of appium server, Android and iOS,
Please check https://github.com/appium/appium/blob/master/docs/en/writing-running-appium/server-args.md
| *Option*            | *Man.* | *Description*     |
| remote_url          | Yes    | Appium server url |
| alias               | no     | alias             |</doc>
<arguments>
<arg>${appium_host}</arg>
<arg>platformName=${platformName}</arg>
<arg>platformVersion=${platform_version}</arg>
<arg>deviceName=${deviceName}</arg>
<arg>app=${app}</arg>
<arg>appPackage=${appPackage}</arg>
<arg>appActivity=${appActivity}</arg>
</arguments>
<status status="PASS" starttime="20190528 21:26:27.371" endtime="20190528 21:26:40.851"></status>
</kw>
<status status="PASS" starttime="20190528 21:26:27.371" endtime="20190528 21:26:40.852"></status>
</kw>
<kw name="The App should get open" library="utility_setup">
<kw name="Element Should Be Visible" library="AppiumLibrary">
<doc>Verifies that element identified with locator is visible.</doc>
<arguments>
<arg>${skip_button}</arg>
</arguments>
<status status="PASS" starttime="20190528 21:26:40.896" endtime="20190528 21:26:42.105"></status>
</kw>
<kw name="Element Should Be Visible" library="AppiumLibrary">
<doc>Verifies that element identified with locator is visible.</doc>
<arguments>
<arg>${next_button}</arg>
</arguments>
<status status="PASS" starttime="20190528 21:26:42.105" endtime="20190528 21:26:42.275"></status>
</kw>
<status status="PASS" starttime="20190528 21:26:40.896" endtime="20190528 21:26:42.275"></status>
</kw>
<status status="PASS" starttime="20190528 21:26:27.370" endtime="20190528 21:26:42.276" critical="yes"></status>
</test>
<test id="s1-t2" name="2: Navigate to Home Screen">
<kw name="Click on Skip Button" library="screen1_landing">
<kw name="Click Element" library="AppiumLibrary">
<doc>Click element identified by `locator`.</doc>
<arguments>
<arg>${skip_button}</arg>
</arguments>
<msg timestamp="20190528 21:26:42.283" level="INFO">Clicking element 'in.upstox.pro:id/intro_btn_skip'.</msg>
<status status="PASS" starttime="20190528 21:26:42.277" endtime="20190528 21:26:44.097"></status>
</kw>
<kw name="Wait Until Element Is Visible" library="AppiumLibrary">
<doc>Waits until element specified with `locator` is visible.</doc>
<arguments>
<arg>${home_view}</arg>
<arg>timeout=${long_wait_time}</arg>
</arguments>
<status status="PASS" starttime="20190528 21:26:44.097" endtime="20190528 21:26:54.720"></status>
</kw>
<status status="PASS" starttime="20190528 21:26:42.277" endtime="20190528 21:26:54.721"></status>
</kw>
<kw name="Navigated to Home Screen" library="screen1_landing">
<kw name="Element Should Be Visible" library="AppiumLibrary">
<doc>Verifies that element identified with locator is visible.</doc>
<arguments>
<arg>${left_pane_menu}</arg>
</arguments>
<status status="PASS" starttime="20190528 21:26:54.721" endtime="20190528 21:26:55.137"></status>
</kw>
<kw name="Element Should Be Visible" library="AppiumLibrary">
<doc>Verifies that element identified with locator is visible.</doc>
<arguments>
<arg>${home_view}</arg>
</arguments>
<status status="PASS" starttime="20190528 21:26:55.137" endtime="20190528 21:26:55.228"></status>
</kw>
<status status="PASS" starttime="20190528 21:26:54.721" endtime="20190528 21:26:55.228"></status>
</kw>
<kw name="Verify Given Equities in Equity List" library="screen2_home">
<kw name="Wait for Element to get visible" library="screen1_landing">
<arguments>
<arg>${equity_adani}</arg>
</arguments>
<kw name="Wait Until Element Is Visible" library="AppiumLibrary">
<doc>Waits until element specified with `locator` is visible.</doc>
<arguments>
<arg>${element}</arg>
<arg>${high_wait_time}</arg>
</arguments>
<status status="PASS" starttime="20190528 21:26:55.230" endtime="20190528 21:26:55.443"></status>
</kw>
<status status="PASS" starttime="20190528 21:26:55.230" endtime="20190528 21:26:55.444"></status>
</kw>
<kw name="Element Should Be Enabled" library="AppiumLibrary">
<doc>Verifies that element identified with locator is enabled.</doc>
<arguments>
<arg>${equity_adani}</arg>
</arguments>
<msg timestamp="20190528 21:26:55.526" level="INFO">Element '//hierarchy/android.widget.FrameLayout/android.widget.LinearLayout/android.widget.FrameLayout/android.widget.LinearLayout/android.widget.FrameLayout/android.support.v4.widget.DrawerLayout/android.widget.RelativeLayout/android.widget.RelativeLayout/android.widget.RelativeLayout/android.widget.RelativeLayout/android.widget.RelativeLayout[2]/android.widget.RelativeLayout[1]/android.support.v7.widget.RecyclerView/android.widget.RelativeLayout[1]/android.widget.FrameLayout/android.widget.LinearLayout' is enabled .</msg>
<status status="PASS" starttime="20190528 21:26:55.444" endtime="20190528 21:26:55.526"></status>
</kw>
<kw name="Element Should Be Enabled" library="AppiumLibrary">
<doc>Verifies that element identified with locator is enabled.</doc>
<arguments>
<arg>${equity_ambuja}</arg>
</arguments>
<msg timestamp="20190528 21:26:56.352" level="INFO">Element '//hierarchy/android.widget.FrameLayout/android.widget.LinearLayout/android.widget.FrameLayout/android.widget.LinearLayout/android.widget.FrameLayout/android.support.v4.widget.DrawerLayout/android.widget.RelativeLayout/android.widget.RelativeLayout/android.widget.RelativeLayout/android.widget.RelativeLayout/android.widget.RelativeLayout[2]/android.widget.RelativeLayout[1]/android.support.v7.widget.RecyclerView/android.widget.RelativeLayout[2]/android.widget.FrameLayout/android.widget.LinearLayout' is enabled .</msg>
<status status="PASS" starttime="20190528 21:26:55.527" endtime="20190528 21:26:56.353"></status>
</kw>
<kw name="Element Should Be Enabled" library="AppiumLibrary">
<doc>Verifies that element identified with locator is enabled.</doc>
<arguments>
<arg>${equity_asian}</arg>
</arguments>
<msg timestamp="20190528 21:26:56.492" level="INFO">Element '//hierarchy/android.widget.FrameLayout/android.widget.LinearLayout/android.widget.FrameLayout/android.widget.LinearLayout/android.widget.FrameLayout/android.support.v4.widget.DrawerLayout/android.widget.RelativeLayout/android.widget.RelativeLayout/android.widget.RelativeLayout/android.widget.RelativeLayout/android.widget.RelativeLayout[2]/android.widget.RelativeLayout[1]/android.support.v7.widget.RecyclerView/android.widget.RelativeLayout[3]/android.widget.FrameLayout/android.widget.LinearLayout' is enabled .</msg>
<status status="PASS" starttime="20190528 21:26:56.353" endtime="20190528 21:26:56.493"></status>
</kw>
<status status="PASS" starttime="20190528 21:26:55.229" endtime="20190528 21:26:56.493"></status>
</kw>
<kw name="Equities verified successfully" library="screen2_home">
<kw name="Element Should Be Visible" library="AppiumLibrary">
<doc>Verifies that element identified with locator is visible.</doc>
<arguments>
<arg>${home_screen}</arg>
</arguments>
<status status="PASS" starttime="20190528 21:26:56.494" endtime="20190528 21:26:56.574"></status>
</kw>
<status status="PASS" starttime="20190528 21:26:56.493" endtime="20190528 21:26:56.574"></status>
</kw>
<status status="PASS" starttime="20190528 21:26:42.276" endtime="20190528 21:26:56.574" critical="yes"></status>
</test>
<test id="s1-t3" name="3. Log-in through left drawer">
<kw name="Open the left drwaer" library="screen2_home">
<kw name="Wait for Element to get visible" library="screen1_landing">
<arguments>
<arg>${leftmenu}</arg>
</arguments>
<kw name="Wait Until Element Is Visible" library="AppiumLibrary">
<doc>Waits until element specified with `locator` is visible.</doc>
<arguments>
<arg>${element}</arg>
<arg>${high_wait_time}</arg>
</arguments>
<status status="PASS" starttime="20190528 21:26:56.576" endtime="20190528 21:26:56.767"></status>
</kw>
<status status="PASS" starttime="20190528 21:26:56.576" endtime="20190528 21:26:56.768"></status>
</kw>
<kw name="Click Element" library="AppiumLibrary">
<doc>Click element identified by `locator`.</doc>
<arguments>
<arg>${leftmenu}</arg>
</arguments>
<msg timestamp="20190528 21:26:56.772" level="INFO">Clicking element 'Open'.</msg>
<status status="PASS" starttime="20190528 21:26:56.768" endtime="20190528 21:26:57.390"></status>
</kw>
<status status="PASS" starttime="20190528 21:26:56.575" endtime="20190528 21:26:57.390"></status>
</kw>
<kw name="Left drawer opened successfully" library="screenA_leftdrawer">
<kw name="Wait for Element to get visible" library="screen1_landing">
<arguments>
<arg>${welcome text}</arg>
</arguments>
<kw name="Wait Until Element Is Visible" library="AppiumLibrary">
<doc>Waits until element specified with `locator` is visible.</doc>
<arguments>
<arg>${element}</arg>
<arg>${high_wait_time}</arg>
</arguments>
<status status="PASS" starttime="20190528 21:26:57.392" endtime="20190528 21:26:58.832"></status>
</kw>
<status status="PASS" starttime="20190528 21:26:57.392" endtime="20190528 21:26:58.832"></status>
</kw>
<kw name="Element Should Be Visible" library="AppiumLibrary">
<doc>Verifies that element identified with locator is visible.</doc>
<arguments>
<arg>${welcome text}</arg>
</arguments>
<status status="PASS" starttime="20190528 21:26:58.833" endtime="20190528 21:26:58.967"></status>
</kw>
<status status="PASS" starttime="20190528 21:26:57.391" endtime="20190528 21:26:58.967"></status>
</kw>
<kw name="Click on log-in Button" library="screenA_leftdrawer">
<kw name="Wait for Element to get visible" library="screen1_landing">
<arguments>
<arg>${login_button}</arg>
</arguments>
<kw name="Wait Until Element Is Visible" library="AppiumLibrary">
<doc>Waits until element specified with `locator` is visible.</doc>
<arguments>
<arg>${element}</arg>
<arg>${high_wait_time}</arg>
</arguments>
<msg timestamp="20190528 21:27:19.338" level="INFO">&lt;?xml version="1.0" encoding="UTF-8"?&gt;&lt;hierarchy rotation="0"&gt;&lt;android.widget.FrameLayout index="0" text="" class="android.widget.FrameLayout" package="in.upstox.pro" content-desc="" checkable="false" checked="false" clickable="false" enabled="true" focusable="false" focused="false" scrollable="false" long-clickable="false" password="false" selected="false" bounds="[0,0][1080,1794]" resource-id="" instance="0"&gt;&lt;android.widget.LinearLayout index="0" text="" class="android.widget.LinearLayout" package="in.upstox.pro" content-desc="" checkable="false" checked="false" clickable="false" enabled="true" focusable="false" focused="false" scrollable="false" long-clickable="false" password="false" selected="false" bounds="[0,0][1080,1794]" resource-id="" instance="0"&gt;&lt;android.widget.FrameLayout index="0" text="" class="android.widget.FrameLayout" package="in.upstox.pro" content-desc="" checkable="false" checked="false" clickable="false" enabled="true" focusable="false" focused="false" scrollable="false" long-clickable="false" password="false" selected="false" bounds="[0,0][1080,1794]" resource-id="" instance="1"&gt;&lt;android.widget.LinearLayout index="0" text="" class="android.widget.LinearLayout" package="in.upstox.pro" content-desc="" checkable="false" checked="false" clickable="false" enabled="true" focusable="false" focused="false" scrollable="false" long-clickable="false" password="false" selected="false" bounds="[0,0][1080,1794]" resource-id="in.upstox.pro:id/action_bar_root" instance="1"&gt;&lt;android.widget.FrameLayout index="0" text="" class="android.widget.FrameLayout" package="in.upstox.pro" content-desc="" checkable="false" checked="false" clickable="false" enabled="true" focusable="false" focused="false" scrollable="false" long-clickable="false" password="false" selected="false" bounds="[0,0][1080,1794]" resource-id="android:id/content" instance="2"&gt;&lt;android.support.v4.widget.DrawerLayout index="0" text="" class="android.support.v4.widget.DrawerLayout" package="in.upstox.pro" content-desc="" checkable="false" checked="false" clickable="false" enabled="true" focusable="false" focused="false" scrollable="false" long-clickable="false" password="false" selected="false" bounds="[0,0][1080,1794]" resource-id="in.upstox.pro:id/carouselLayout" instance="0"&gt;&lt;android.widget.RelativeLayout index="0" text="" class="android.widget.RelativeLayout" package="in.upstox.pro" content-desc="" checkable="false" checked="false" clickable="false" enabled="true" focusable="false" focused="false" scrollable="false" long-clickable="false" password="false" selected="false" bounds="[0,63][1080,1794]" resource-id="in.upstox.pro:id/root_layout" instance="0"&gt;&lt;android.widget.LinearLayout index="0" text="" class="android.widget.LinearLayout" package="in.upstox.pro" content-desc="" checkable="false" checked="false" clickable="false" enabled="true" focusable="false" focused="false" scrollable="false" long-clickable="false" password="false" selected="false" bounds="[0,63][1080,210]" resource-id="in.upstox.pro:id/toolBarContainer" instance="2"&gt;&lt;android.widget.RelativeLayout index="0" text="" class="android.widget.RelativeLayout" package="in.upstox.pro" content-desc="" checkable="false" checked="false" clickable="false" enabled="true" focusable="false" focused="false" scrollable="false" long-clickable="false" password="false" selected="false" bounds="[0,63][1080,210]" resource-id="" instance="1"&gt;&lt;android.view.ViewGroup index="0" text="" class="android.view.ViewGroup" package="in.upstox.pro" content-desc="" checkable="false" checked="false" clickable="false" enabled="true" focusable="false" focused="false" scrollable="false" long-clickable="false" password="false" selected="false" bounds="[0,63][1080,210]" resource-id="in.upstox.pro:id/my_awesome_toolbar" instance="0"&gt;&lt;android.widget.ImageButton index="0" text="" class="android.widget.ImageButton" package="in.upstox.pro" content-desc="Close" checkable="false" checked="false" clickable="true" enabled="true" focusable="true" focused="false" scrollable="false" long-clickable="false" password="false" selected="false" bounds="[0,63][147,210]" resource-id="" instance="0"/&gt;&lt;android.widget.TextView index="1" text="NIFTY 50" class="android.widget.TextView" package="in.upstox.pro" content-desc="" checkable="false" checked="false" clickable="false" enabled="true" focusable="false" focused="false" scrollable="false" long-clickable="false" password="false" selected="false" bounds="[189,102][403,171]" resource-id="in.upstox.pro:id/tb_nameTv" instance="0"/&gt;&lt;android.support.v7.widget.LinearLayoutCompat index="2" text="" class="android.support.v7.widget.LinearLayoutCompat" package="in.upstox.pro" content-desc="" checkable="false" checked="false" clickable="false" enabled="true" focusable="false" focused="false" scrollable="false" long-clickable="false" password="false" selected="false" bounds="[808,63][1080,210]" resource-id="" instance="0"&gt;&lt;android.widget.TextView index="0" text="" class="android.widget.TextView" package="in.upstox.pro" content-desc="Sort" checkable="false" checked="false" clickable="true" enabled="true" focusable="true" focused="false" scrollable="false" long-clickable="false" password="false" selected="false" bounds="[808,68][944,204]" resource-id="in.upstox.pro:id/w_sort" instance="1"/&gt;&lt;android.widget.TextView index="1" text="" class="android.widget.TextView" package="in.upstox.pro" content-desc="Search" checkable="false" checked="false" clickable="true" enabled="true" focusable="true" focused="false" scrollable="false" long-clickable="false" password="false" selected="false" bounds="[944,68][1080,204]" resource-id="in.upstox.pro:id/search" instance="2"/&gt;&lt;/android.support.v7.widget.LinearLayoutCompat&gt;&lt;/android.view.ViewGroup&gt;&lt;/android.widget.RelativeLayout&gt;&lt;/android.widget.LinearLayout&gt;&lt;android.widget.RelativeLayout index="1" text="" class="android.widget.RelativeLayout" package="in.upstox.pro" content-desc="" checkable="false" checked="false" clickable="false" enabled="true" focusable="false" focused="false" scrollable="false" long-clickable="false" password="false" selected="false" bounds="[0,210][1080,1794]" resource-id="in.upstox.pro:id/carouselContainer" instance="2"&gt;&lt;android.widget.RelativeLayout index="0" text="" class="android.widget.RelativeLayout" package="in.upstox.pro" content-desc="" checkable="false" checked="false" clickable="false" enabled="true" focusable="false" focused="false" scrollable="false" long-clickable="false" password="false" selected="false" bounds="[0,210][1080,1794]" resource-id="" instance="3"&gt;&lt;android.widget.RelativeLayout index="0" text="" class="android.widget.RelativeLayout" package="in.upstox.pro" content-desc="" checkable="false" checked="false" clickable="false" enabled="true" focusable="false" focused="false" scrollable="false" long-clickable="false" password="false" selected="false" bounds="[0,210][1080,1794]" resource-id="" instance="4"&gt;&lt;android.widget.RelativeLayout index="0" text="" class="android.widget.RelativeLayout" package="in.upstox.pro" content-desc="" checkable="false" checked="false" clickable="false" enabled="true" focusable="false" focused="false" scrollable="false" long-clickable="false" password="false" selected="false" bounds="[0,210][1080,1794]" resource-id="" instance="5"/&gt;&lt;android.widget.RelativeLayout index="1" text="" class="android.widget.RelativeLayout" package="in.upstox.pro" content-desc="" checkable="false" checked="false" clickable="false" enabled="true" focusable="false" focused="false" scrollable="false" long-clickable="false" password="false" selected="false" bounds="[0,210][1080,1794]" resource-id="" instance="6"&gt;&lt;android.widget.RelativeLayout index="0" text="" class="android.widget.RelativeLayout" package="in.upstox.pro" content-desc="" checkable="false" checked="false" clickable="false" enabled="true" focusable="false" focused="false" scrollable="false" long-clickable="false" password="false" selected="false" bounds="[0,210][1080,1794]" resource-id="in.upstox.pro:id/WatchListContentContainer" instance="7"&gt;&lt;android.support.v7.widget.RecyclerView index="0" text="" class="android.support.v7.widget.RecyclerView" package="in.upstox.pro" content-desc="" checkable="false" checked="false" clickable="false" enabled="true" focusable="true" focused="false" scrollable="true" long-clickable="false" password="false" selected="false" bounds="[0,210][1080,1794]" resource-id="in.upstox.pro:id/watchListRecyclerView" instance="0"&gt;&lt;android.widget.RelativeLayout index="0" text="" class="android.widget.RelativeLayout" package="in.upstox.pro" content-desc="" checkable="false" checked="false" clickable="true" enabled="true" focusable="true" focused="false" scrollable="false" long-clickable="true" password="false" selected="false" bounds="[0,341][1080,505]" resource-id="" instance="8"&gt;&lt;android.widget.FrameLayout index="0" text="" class="android.widget.FrameLayout" package="in.upstox.pro" content-desc="" checkable="false" checked="false" clickable="false" enabled="true" focusable="false" focused="false" scrollable="false" long-clickable="false" password="false" selected="false" bounds="[0,341][1080,505]" resource-id="in.upstox.pro:id/container" instance="3"&gt;&lt;android.widget.LinearLayout index="0" text="" class="android.widget.LinearLayout" package="in.upstox.pro" content-desc="" checkable="false" checked="false" clickable="false" enabled="true" focusable="false" focused="false" scrollable="false" long-clickable="false" password="false" selected="false" bounds="[0,341][1080,505]" resource-id="" instance="3"&gt;&lt;android.widget.RelativeLayout index="1" text="" class="android.widget.RelativeLayout" package="in.upstox.pro" content-desc="" checkable="false" checked="false" clickable="false" enabled="true" focusable="false" focused="false" scrollable="false" long-clickable="false" password="false" selected="false" bounds="[39,378][456,479]" resource-id="in.upstox.pro:id/left_layout" instance="9"&gt;&lt;android.widget.TextView index="0" text="ADANIPORTS" class="android.widget.TextView" package="in.upstox.pro" content-desc="" checkable="false" checked="false" clickable="false" enabled="true" focusable="false" focused="false" scrollable="false" long-clickable="false" password="false" selected="false" bounds="[39,378][325,443]" resource-id="in.upstox.pro:id/watchListSingleRowNameTv" instance="3"/&gt;&lt;android.widget.TextView index="1" text="NSE EQ" class="android.widget.TextView" package="in.upstox.pro" content-desc="" checkable="false" checked="false" clickable="false" enabled="true" focusable="false" focused="false" scrollable="false" long-clickable="false" password="false" selected="false" bounds="[39,438][139,479]" resource-id="in.upstox.pro:id/watchListSubName" instance="4"/&gt;&lt;/android.widget.RelativeLayout&gt;&lt;android.widget.LinearLayout index="2" text="" class="android.widget.LinearLayout" package="in.upstox.pro" content-desc="" checkable="false" checked="false" clickable="false" enabled="true" focusable="false" focused="false" scrollable="false" long-clickable="false" password="false" selected="false" bounds="[456,378][1041,474]" resource-id="in.upstox.pro:id/right_layout" instance="4"&gt;&lt;android.view.View index="0" text="" class="android.view.View" package="in.upstox.pro" content-desc="" checkable="false" checked="false" clickable="false" enabled="true" focusable="true" focused="false" scrollable="false" long-clickable="false" password="false" selected="false" bounds="[482,399][672,452]" resource-id="in.upstox.pro:id/AreaGraph" instance="0"/&gt;&lt;android.widget.RelativeLayout index="1" text="" class="android.widget.RelativeLayout" package="in.upstox.pro" content-desc="" checkable="false" checked="false" clickable="false" enabled="true" focusable="false" focused="false" scrollable="false" long-clickable="false" password="false" selected="false" bounds="[698,378][1041,474]" resource-id="in.upstox.pro:id/ltp_layout" instance="10"&gt;&lt;android.widget.TextView index="0" text="₹" class="android.widget.TextView" package="in.upstox.pro" content-desc="" checkable="false" checked="false" clickable="false" enabled="true" focusable="false" focused="false" scrollable="false" long-clickable="false" password="false" selected="false" bounds="[853,378][875,430]" resource-id="in.upstox.pro:id/rupeeSymbolTv" instance="5"/&gt;&lt;android.widget.TextView index="1" text="+ 0.25 (0.06%)" class="android.widget.TextView" package="in.upstox.pro" content-desc="" checkable="false" checked="false" clickable="false" enabled="true" focusable="false" focused="false" scrollable="false" long-clickable="false" password="false" selected="false" bounds="[814,430][1033,474]" resource-id="in.upstox.pro:id/watchListSinglePerChangeTv" instance="6"/&gt;&lt;android.widget.TextView index="2" text="412.65" class="android.widget.TextView" package="in.upstox.pro" content-desc="" checkable="false" checked="false" clickable="false" enabled="true" focusable="false" focused="false" scrollable="false" long-clickable="false" password="false" selected="false" bounds="[880,378][1033,432]" resource-id="in.upstox.pro:id/watchListSingleChangeTv" instance="7"/&gt;&lt;/android.widget.RelativeLayout&gt;&lt;/android.widget.LinearLayout&gt;&lt;/android.widget.LinearLayout&gt;&lt;/android.widget.FrameLayout&gt;&lt;/android.widget.RelativeLayout&gt;&lt;android.widget.RelativeLayout index="1" text="" class="android.widget.RelativeLayout" package="in.upstox.pro" content-desc="" checkable="false" checked="false" clickable="true" enabled="true" focusable="true" focused="false" scrollable="false" long-clickable="true" password="false" selected="false" bounds="[0,508][1080,672]" resource-id="" instance="11"&gt;&lt;android.widget.FrameLayout index="0" text="" class="android.widget.FrameLayout" package="in.upstox.pro" content-desc="" checkable="false" checked="false" clickable="false" enabled="true" focusable="false" focused="false" scrollable="false" long-clickable="false" password="false" selected="false" bounds="[0,508][1080,672]" resource-id="in.upstox.pro:id/container" instance="4"&gt;&lt;android.widget.LinearLayout index="0" text="" class="android.widget.LinearLayout" package="in.upstox.pro" content-desc="" checkable="false" checked="false" clickable="false" enabled="true" focusable="false" focused="false" scrollable="false" long-clickable="false" password="false" selected="false" bounds="[0,508][1080,672]" resource-id="" instance="5"&gt;&lt;android.widget.RelativeLayout index="1" text="" class="android.widget.RelativeLayout" package="in.upstox.pro" content-desc="" checkable="false" checked="false" clickable="false" enabled="true" focusable="false" focused="false" scrollable="false" long-clickable="false" password="false" selected="false" bounds="[39,545][456,646]" resource-id="in.upstox.pro:id/left_layout" instance="12"&gt;&lt;android.widget.TextView index="0" text="AMBUJACEM" class="android.widget.TextView" package="in.upstox.pro" content-desc="" checkable="false" checked="false" clickable="false" enabled="true" focusable="false" focused="false" scrollable="false" long-clickable="false" password="false" selected="false" bounds="[39,545][316,610]" resource-id="in.upstox.pro:id/watchListSingleRowNameTv" instance="8"/&gt;&lt;android.widget.TextView index="1" text="NSE EQ" class="android.widget.TextView" package="in.upstox.pro" content-desc="" checkable="false" checked="false" clickable="false" enabled="true" focusable="false" focused="false" scrollable="false" long-clickable="false" password="false" selected="false" bounds="[39,605][139,646]" resource-id="in.upstox.pro:id/watchListSubName" instance="9"/&gt;&lt;/android.widget.RelativeLayout&gt;&lt;android.widget.LinearLayout index="2" text="" class="android.widget.LinearLayout" package="in.upstox.pro" content-desc="" checkable="false" checked="false" clickable="false" enabled="true" focusable="false" focused="false" scrollable="false" long-clickable="false" password="false" selected="false" bounds="[456,545][1041,641]" resource-id="in.upstox.pro:id/right_layout" instance="6"&gt;&lt;android.view.View index="0" text="" class="android.view.View" package="in.upstox.pro" content-desc="" checkable="false" checked="false" clickable="false" enabled="true" focusable="true" focused="false" scrollable="false" long-clickable="false" password="false" selected="false" bounds="[482,566][672,619]" resource-id="in.upstox.pro:id/AreaGraph" instance="1"/&gt;&lt;android.widget.RelativeLayout index="1" text="" class="android.widget.RelativeLayout" package="in.upstox.pro" content-desc="" checkable="false" checked="false" clickable="false" enabled="true" focusable="false" focused="false" scrollable="false" long-clickable="false" password="false" selected="false" bounds="[698,545][1041,641]" resource-id="in.upstox.pro:id/ltp_layout" instance="13"&gt;&lt;android.widget.TextView index="0" text="₹" class="android.widget.TextView" package="in.upstox.pro" content-desc="" checkable="false" checked="false" clickable="false" enabled="true" focusable="false" focused="false" scrollable="false" long-clickable="false" password="false" selected="false" bounds="[853,545][875,597]" resource-id="in.upstox.pro:id/rupeeSymbolTv" instance="10"/&gt;&lt;android.widget.TextView index="1" text="- 0.75 (0.31%)" class="android.widget.TextView" package="in.upstox.pro" content-desc="" checkable="false" checked="false" clickable="false" enabled="true" focusable="false" focused="false" scrollable="false" long-clickable="false" password="false" selected="false" bounds="[820,597][1033,641]" resource-id="in.upstox.pro:id/watchListSinglePerChangeTv" instance="11"/&gt;&lt;android.widget.TextView index="2" text="238.40" class="android.widget.TextView" package="in.upstox.pro" content-desc="" checkable="false" checked="false" clickable="false" enabled="true" focusable="false" focused="false" scrollable="false" long-clickable="false" password="false" selected="false" bounds="[880,545][1033,599]" resource-id="in.upstox.pro:id/watchListSingleChangeTv" instance="12"/&gt;&lt;/android.widget.RelativeLayout&gt;&lt;/android.widget.LinearLayout&gt;&lt;/android.widget.LinearLayout&gt;&lt;/android.widget.FrameLayout&gt;&lt;/android.widget.RelativeLayout&gt;&lt;android.widget.RelativeLayout index="2" text="" class="android.widget.RelativeLayout" package="in.upstox.pro" content-desc="" checkable="false" checked="false" clickable="true" enabled="true" focusable="true" focused="false" scrollable="false" long-clickable="true" password="false" selected="false" bounds="[0,675][1080,839]" resource-id="" instance="14"&gt;&lt;android.widget.FrameLayout index="0" text="" class="android.widget.FrameLayout" package="in.upstox.pro" content-desc="" checkable="false" checked="false" clickable="false" enabled="true" focusable="false" focused="false" scrollable="false" long-clickable="false" password="false" selected="false" bounds="[0,675][1080,839]" resource-id="in.upstox.pro:id/container" instance="5"&gt;&lt;android.widget.LinearLayout index="0" text="" class="android.widget.LinearLayout" package="in.upstox.pro" content-desc="" checkable="false" checked="false" clickable="false" enabled="true" focusable="false" focused="false" scrollable="false" long-clickable="false" password="false" selected="false" bounds="[0,675][1080,839]" resource-id="" instance="7"&gt;&lt;android.widget.RelativeLayout index="1" text="" class="android.widget.RelativeLayout" package="in.upstox.pro" content-desc="" checkable="false" checked="false" clickable="false" enabled="true" focusable="false" focused="false" scrollable="false" long-clickable="false" password="false" selected="false" bounds="[39,712][456,813]" resource-id="in.upstox.pro:id/left_layout" instance="15"&gt;&lt;android.widget.TextView index="0" text="ASIANPAINT" class="android.widget.TextView" package="in.upstox.pro" content-desc="" checkable="false" checked="false" clickable="false" enabled="true" focusable="false" focused="false" scrollable="false" long-clickable="false" password="false" selected="false" bounds="[39,712][313,777]" resource-id="in.upstox.pro:id/watchListSingleRowNameTv" instance="13"/&gt;&lt;android.widget.TextView index="1" text="NSE EQ" class="android.widget.TextView" package="in.upstox.pro" content-desc="" checkable="false" checked="false" clickable="false" enabled="true" focusable="false" focused="false" scrollable="false" long-clickable="false" password="false" selected="false" bounds="[39,772][139,813]" resource-id="in.upstox.pro:id/watchListSubName" instance="14"/&gt;&lt;/android.widget.RelativeLayout&gt;&lt;android.widget.LinearLayout index="2" text="" class="android.widget.LinearLayout" package="in.upstox.pro" content-desc="" checkable="false" checked="false" clickable="false" enabled="true" focusable="false" focused="false" scrollable="false" long-clickable="false" password="false" selected="false" bounds="[456,712][1041,808]" resource-id="in.upstox.pro:id/right_layout" instance="8"&gt;&lt;android.view.View index="0" text="" class="android.view.View" package="in.upstox.pro" content-desc="" checkable="false" checked="false" clickable="false" enabled="true" focusable="true" focused="false" scrollable="false" long-clickable="false" password="false" selected="false" bounds="[482,733][672,786]" resource-id="in.upstox.pro:id/AreaGraph" instance="2"/&gt;&lt;android.widget.RelativeLayout index="1" text="" class="android.widget.RelativeLayout" package="in.upstox.pro" content-desc="" checkable="false" checked="false" clickable="false" enabled="true" focusable="false" focused="false" scrollable="false" long-clickable="false" password="false" selected="false" bounds="[698,712][1041,808]" resource-id="in.upstox.pro:id/ltp_layout" instance="16"&gt;&lt;android.widget.TextView index="0" text="₹" class="android.widget.TextView" package="in.upstox.pro" content-desc="" checkable="false" checked="false" clickable="false" enabled="true" focusable="false" focused="false" scrollable="false" long-clickable="false" password="false" selected="false" bounds="[825,712][847,764]" resource-id="in.upstox.pro:id/rupeeSymbolTv" instance="15"/&gt;&lt;android.widget.TextView index="1" text="- 2.50 (0.18%)" class="android.widget.TextView" package="in.upstox.pro" content-desc="" checkable="false" checked="false" clickable="false" enabled="true" focusable="false" focused="false" scrollable="false" long-clickable="false" password="false" selected="false" bounds="[820,764][1033,808]" resource-id="in.upstox.pro:id/watchListSinglePerChangeTv" instance="16"/&gt;&lt;android.widget.TextView index="2" text="1364.35" class="android.widget.TextView" package="in.upstox.pro" content-desc="" checkable="false" checked="false" clickable="false" enabled="true" focusable="false" focused="false" scrollable="false" long-clickable="false" password="false" selected="false" bounds="[852,712][1033,766]" resource-id="in.upstox.pro:id/watchListSingleChangeTv" instance="17"/&gt;&lt;/android.widget.RelativeLayout&gt;&lt;/android.widget.LinearLayout&gt;&lt;/android.widget.LinearLayout&gt;&lt;/android.widget.FrameLayout&gt;&lt;/android.widget.RelativeLayout&gt;&lt;android.widget.RelativeLayout index="3" text="" class="android.widget.RelativeLayout" package="in.upstox.pro" content-desc="" checkable="false" checked="false" clickable="true" enabled="true" focusable="true" focused="false" scrollable="false" long-clickable="true" password="false" selected="false" bounds="[0,842][1080,1006]" resource-id="" instance="17"&gt;&lt;android.widget.FrameLayout index="0" text="" class="android.widget.FrameLayout" package="in.upstox.pro" content-desc="" checkable="false" checked="false" clickable="false" enabled="true" focusable="false" focused="false" scrollable="false" long-clickable="false" password="false" selected="false" bounds="[0,842][1080,1006]" resource-id="in.upstox.pro:id/container" instance="6"&gt;&lt;android.widget.LinearLayout index="0" text="" class="android.widget.LinearLayout" package="in.upstox.pro" content-desc="" checkable="false" checked="false" clickable="false" enabled="true" focusable="false" focused="false" scrollable="false" long-clickable="false" password="false" selected="false" bounds="[0,842][1080,1006]" resource-id="" instance="9"&gt;&lt;android.widget.RelativeLayout index="1" text="" class="android.widget.RelativeLayout" package="in.upstox.pro" content-desc="" checkable="false" checked="false" clickable="false" enabled="true" focusable="false" focused="false" scrollable="false" long-clickable="false" password="false" selected="false" bounds="[39,879][456,980]" resource-id="in.upstox.pro:id/left_layout" instance="18"&gt;&lt;android.widget.TextView index="0" text="AUROPHARMA" class="android.widget.TextView" package="in.upstox.pro" content-desc="" checkable="false" checked="false" clickable="false" enabled="true" focusable="false" focused="false" scrollable="false" long-clickable="false" password="false" selected="false" bounds="[39,879][352,944]" resource-id="in.upstox.pro:id/watchListSingleRowNameTv" instance="18"/&gt;&lt;android.widget.TextView index="1" text="NSE EQ" class="android.widget.TextView" package="in.upstox.pro" content-desc="" checkable="false" checked="false" clickable="false" enabled="true" focusable="false" focused="false" scrollable="false" long-clickable="false" password="false" selected="false" bounds="[39,939][139,980]" resource-id="in.upstox.pro:id/watchListSubName" instance="19"/&gt;&lt;/android.widget.RelativeLayout&gt;&lt;android.widget.LinearLayout index="2" text="" class="android.widget.LinearLayout" package="in.upstox.pro" content-desc="" checkable="false" checked="false" clickable="false" enabled="true" focusable="false" focused="false" scrollable="false" long-clickable="false" password="false" selected="false" bounds="[456,879][1041,975]" resource-id="in.upstox.pro:id/right_layout" instance="10"&gt;&lt;android.view.View index="0" text="" class="android.view.View" package="in.upstox.pro" content-desc="" checkable="false" checked="false" clickable="false" enabled="true" focusable="true" focused="false" scrollable="false" long-clickable="false" password="false" selected="false" bounds="[482,900][672,953]" resource-id="in.upstox.pro:id/AreaGraph" instance="3"/&gt;&lt;android.widget.RelativeLayout index="1" text="" class="android.widget.RelativeLayout" package="in.upstox.pro" content-desc="" checkable="false" checked="false" clickable="false" enabled="true" focusable="false" focused="false" scrollable="false" long-clickable="false" password="false" selected="false" bounds="[698,879][1041,975]" resource-id="in.upstox.pro:id/ltp_layout" instance="19"&gt;&lt;android.widget.TextView index="0" text="₹" class="android.widget.TextView" package="in.upstox.pro" content-desc="" checkable="false" checked="false" clickable="false" enabled="true" focusable="false" focused="false" scrollable="false" long-clickable="false" password="false" selected="false" bounds="[853,879][875,931]" resource-id="in.upstox.pro:id/rupeeSymbolTv" instance="20"/&gt;&lt;android.widget.TextView index="1" text="- 7.00 (1.03%)" class="android.widget.TextView" package="in.upstox.pro" content-desc="" checkable="false" checked="false" clickable="false" enabled="true" focusable="false" focused="false" scrollable="false" long-clickable="false" password="false" selected="false" bounds="[820,931][1033,975]" resource-id="in.upstox.pro:id/watchListSinglePerChangeTv" instance="21"/&gt;&lt;android.widget.TextView index="2" text="674.70" class="android.widget.TextView" package="in.upstox.pro" content-desc="" checkable="false" checked="false" clickable="false" enabled="true" focusable="false" focused="false" scrollable="false" long-clickable="false" password="false" selected="false" bounds="[880,879][1033,933]" resource-id="in.upstox.pro:id/watchListSingleChangeTv" instance="22"/&gt;&lt;/android.widget.RelativeLayout&gt;&lt;/android.widget.LinearLayout&gt;&lt;/android.widget.LinearLayout&gt;&lt;/android.widget.FrameLayout&gt;&lt;/android.widget.RelativeLayout&gt;&lt;android.widget.RelativeLayout index="4" text="" class="android.widget.RelativeLayout" package="in.upstox.pro" content-desc="" checkable="false" checked="false" clickable="true" enabled="true" focusable="true" focused="false" scrollable="false" long-clickable="true" password="false" selected="false" bounds="[0,1009][1080,1173]" resource-id="" instance="20"&gt;&lt;android.widget.FrameLayout index="0" text="" class="android.widget.FrameLayout" package="in.upstox.pro" content-desc="" checkable="false" checked="false" clickable="false" enabled="true" focusable="false" focused="false" scrollable="false" long-clickable="false" password="false" selected="false" bounds="[0,1009][1080,1173]" resource-id="in.upstox.pro:id/container" instance="7"&gt;&lt;android.widget.LinearLayout index="0" text="" class="android.widget.LinearLayout" package="in.upstox.pro" content-desc="" checkable="false" checked="false" clickable="false" enabled="true" focusable="false" focused="false" scrollable="false" long-clickable="false" password="false" selected="false" bounds="[0,1009][1080,1173]" resource-id="" instance="11"&gt;&lt;android.widget.RelativeLayout index="1" text="" class="android.widget.RelativeLayout" package="in.upstox.pro" content-desc="" checkable="false" checked="false" clickable="false" enabled="true" focusable="false" focused="false" scrollable="false" long-clickable="false" password="false" selected="false" bounds="[39,1046][456,1147]" resource-id="in.upstox.pro:id/left_layout" instance="21"&gt;&lt;android.widget.TextView index="0" text="AXISBANK" class="android.widget.TextView" package="in.upstox.pro" content-desc="" checkable="false" checked="false" clickable="false" enabled="true" focusable="false" focused="false" scrollable="false" long-clickable="false" password="false" selected="false" bounds="[39,1046][268,1111]" resource-id="in.upstox.pro:id/watchListSingleRowNameTv" instance="23"/&gt;&lt;android.widget.TextView index="1" text="NSE EQ" class="android.widget.TextView" package="in.upstox.pro" content-desc="" checkable="false" checked="false" clickable="false" enabled="true" focusable="false" focused="false" scrollable="false" long-clickable="false" password="false" selected="false" bounds="[39,1106][139,1147]" resource-id="in.upstox.pro:id/watchListSubName" instance="24"/&gt;&lt;/android.widget.RelativeLayout&gt;&lt;android.widget.LinearLayout index="2" text="" class="android.widget.LinearLayout" package="in.upstox.pro" content-desc="" checkable="false" checked="false" clickable="false" enabled="true" focusable="false" focused="false" scrollable="false" long-clickable="false" password="false" selected="false" bounds="[456,1046][1041,1142]" resource-id="in.upstox.pro:id/right_layout" instance="12"&gt;&lt;android.view.View index="0" text="" class="android.view.View" package="in.upstox.pro" content-desc="" checkable="false" checked="false" clickable="false" enabled="true" focusable="true" focused="false" scrollable="false" long-clickable="false" password="false" selected="false" bounds="[482,1067][672,1120]" resource-id="in.upstox.pro:id/AreaGraph" instance="4"/&gt;&lt;android.widget.RelativeLayout index="1" text="" class="android.widget.RelativeLayout" package="in.upstox.pro" content-desc="" checkable="false" checked="false" clickable="false" enabled="true" focusable="false" focused="false" scrollable="false" long-clickable="false" password="false" selected="false" bounds="[698,1046][1041,1142]" resource-id="in.upstox.pro:id/ltp_layout" instance="22"&gt;&lt;android.widget.TextView index="0" text="₹" class="android.widget.TextView" package="in.upstox.pro" content-desc="" checkable="false" checked="false" clickable="false" enabled="true" focusable="false" focused="false" scrollable="false" long-clickable="false" password="false" selected="false" bounds="[853,1046][875,1098]" resource-id="in.upstox.pro:id/rupeeSymbolTv" instance="25"/&gt;&lt;android.widget.TextView index="1" text="- 5.50 (0.68%)" class="android.widget.TextView" package="in.upstox.pro" content-desc="" checkable="false" checked="false" clickable="false" enabled="true" focusable="false" focused="false" scrollable="false" long-clickable="false" password="false" selected="false" bounds="[820,1098][1033,1142]" resource-id="in.upstox.pro:id/watchListSinglePerChangeTv" instance="26"/&gt;&lt;android.widget.TextView index="2" text="808.40" class="android.widget.TextView" package="in.upstox.pro" content-desc="" checkable="false" checked="false" clickable="false" enabled="true" focusable="false" focused="false" scrollable="false" long-clickable="false" password="false" selected="false" bounds="[880,1046][1033,1100]" resource-id="in.upstox.pro:id/watchListSingleChangeTv" instance="27"/&gt;&lt;/android.widget.RelativeLayout&gt;&lt;/android.widget.LinearLayout&gt;&lt;/android.widget.LinearLayout&gt;&lt;/android.widget.FrameLayout&gt;&lt;/android.widget.RelativeLayout&gt;&lt;android.widget.RelativeLayout index="5" text="" class="android.widget.RelativeLayout" package="in.upstox.pro" content-desc="" checkable="false" checked="false" clickable="true" enabled="true" focusable="true" focused="false" scrollable="false" long-clickable="true" password="false" selected="false" bounds="[0,1176][1080,1340]" resource-id="" instance="23"&gt;&lt;android.widget.FrameLayout index="0" text="" class="android.widget.FrameLayout" package="in.upstox.pro" content-desc="" checkable="false" checked="false" clickable="false" enabled="true" focusable="false" focused="false" scrollable="false" long-clickable="false" password="false" selected="false" bounds="[0,1176][1080,1340]" resource-id="in.upstox.pro:id/container" instance="8"&gt;&lt;android.widget.LinearLayout index="0" text="" class="android.widget.LinearLayout" package="in.upstox.pro" content-desc="" checkable="false" checked="false" clickable="false" enabled="true" focusable="false" focused="false" scrollable="false" long-clickable="false" password="false" selected="false" bounds="[0,1176][1080,1340]" resource-id="" instance="13"&gt;&lt;android.widget.RelativeLayout index="1" text="" class="android.widget.RelativeLayout" package="in.upstox.pro" content-desc="" checkable="false" checked="false" clickable="false" enabled="true" focusable="false" focused="false" scrollable="false" long-clickable="false" password="false" selected="false" bounds="[39,1213][456,1314]" resource-id="in.upstox.pro:id/left_layout" instance="24"&gt;&lt;android.widget.TextView index="0" text="BAJAJ-AUTO" class="android.widget.TextView" package="in.upstox.pro" content-desc="" checkable="false" checked="false" clickable="false" enabled="true" focusable="false" focused="false" scrollable="false" long-clickable="false" password="false" selected="false" bounds="[39,1213][316,1278]" resource-id="in.upstox.pro:id/watchListSingleRowNameTv" instance="28"/&gt;&lt;android.widget.TextView index="1" text="NSE EQ" class="android.widget.TextView" package="in.upstox.pro" content-desc="" checkable="false" checked="false" clickable="false" enabled="true" focusable="false" focused="false" scrollable="false" long-clickable="false" password="false" selected="false" bounds="[39,1273][139,1314]" resource-id="in.upstox.pro:id/watchListSubName" instance="29"/&gt;&lt;/android.widget.RelativeLayout&gt;&lt;android.widget.LinearLayout index="2" text="" class="android.widget.LinearLayout" package="in.upstox.pro" content-desc="" checkable="false" checked="false" clickable="false" enabled="true" focusable="false" focused="false" scrollable="false" long-clickable="false" password="false" selected="false" bounds="[456,1213][1041,1309]" resource-id="in.upstox.pro:id/right_layout" instance="14"&gt;&lt;android.view.View index="0" text="" class="android.view.View" package="in.upstox.pro" content-desc="" checkable="false" checked="false" clickable="false" enabled="true" focusable="true" focused="false" scrollable="false" long-clickable="false" password="false" selected="false" bounds="[482,1234][672,1287]" resource-id="in.upstox.pro:id/AreaGraph" instance="5"/&gt;&lt;android.widget.RelativeLayout index="1" text="" class="android.widget.RelativeLayout" package="in.upstox.pro" content-desc="" checkable="false" checked="false" clickable="false" enabled="true" focusable="false" focused="false" scrollable="false" long-clickable="false" password="false" selected="false" bounds="[698,1213][1041,1309]" resource-id="in.upstox.pro:id/ltp_layout" instance="25"&gt;&lt;android.widget.TextView index="0" text="₹" class="android.widget.TextView" package="in.upstox.pro" content-desc="" checkable="false" checked="false" clickable="false" enabled="true" focusable="false" focused="false" scrollable="false" long-clickable="false" password="false" selected="false" bounds="[825,1213][847,1265]" resource-id="in.upstox.pro:id/rupeeSymbolTv" instance="30"/&gt;&lt;android.widget.TextView index="1" text="- 78.90 (2.57%)" class="android.widget.TextView" package="in.upstox.pro" content-desc="" checkable="false" checked="false" clickable="false" enabled="true" focusable="false" focused="false" scrollable="false" long-clickable="false" password="false" selected="false" bounds="[801,1265][1033,1309]" resource-id="in.upstox.pro:id/watchListSinglePerChangeTv" instance="31"/&gt;&lt;android.widget.TextView index="2" text="2988.00" class="android.widget.TextView" package="in.upstox.pro" content-desc="" checkable="false" checked="false" clickable="false" enabled="true" focusable="false" focused="false" scrollable="false" long-clickable="false" password="false" selected="false" bounds="[852,1213][1033,1267]" resource-id="in.upstox.pro:id/watchListSingleChangeTv" instance="32"/&gt;&lt;/android.widget.RelativeLayout&gt;&lt;/android.widget.LinearLayout&gt;&lt;/android.widget.LinearLayout&gt;&lt;/android.widget.FrameLayout&gt;&lt;/android.widget.RelativeLayout&gt;&lt;android.widget.RelativeLayout index="6" text="" class="android.widget.RelativeLayout" package="in.upstox.pro" content-desc="" checkable="false" checked="false" clickable="true" enabled="true" focusable="true" focused="false" scrollable="false" long-clickable="true" password="false" selected="false" bounds="[0,1343][1080,1507]" resource-id="" instance="26"&gt;&lt;android.widget.FrameLayout index="0" text="" class="android.widget.FrameLayout" package="in.upstox.pro" content-desc="" checkable="false" checked="false" clickable="false" enabled="true" focusable="false" focused="false" scrollable="false" long-clickable="false" password="false" selected="false" bounds="[0,1343][1080,1507]" resource-id="in.upstox.pro:id/container" instance="9"&gt;&lt;android.widget.LinearLayout index="0" text="" class="android.widget.LinearLayout" package="in.upstox.pro" content-desc="" checkable="false" checked="false" clickable="false" enabled="true" focusable="false" focused="false" scrollable="false" long-clickable="false" password="false" selected="false" bounds="[0,1343][1080,1507]" resource-id="" instance="15"&gt;&lt;android.widget.RelativeLayout index="1" text="" class="android.widget.RelativeLayout" package="in.upstox.pro" content-desc="" checkable="false" checked="false" clickable="false" enabled="true" focusable="false" focused="false" scrollable="false" long-clickable="false" password="false" selected="false" bounds="[39,1380][456,1481]" resource-id="in.upstox.pro:id/left_layout" instance="27"&gt;&lt;android.widget.TextView index="0" text="BANKBARODA" class="android.widget.TextView" package="in.upstox.pro" content-desc="" checkable="false" checked="false" clickable="false" enabled="true" focusable="false" focused="false" scrollable="false" long-clickable="false" password="false" selected="false" bounds="[39,1380][348,1445]" resource-id="in.upstox.pro:id/watchListSingleRowNameTv" instance="33"/&gt;&lt;android.widget.TextView index="1" text="NSE EQ" class="android.widget.TextView" package="in.upstox.pro" content-desc="" checkable="false" checked="false" clickable="false" enabled="true" focusable="false" focused="false" scrollable="false" long-clickable="false" password="false" selected="false" bounds="[39,1440][139,1481]" resource-id="in.upstox.pro:id/watchListSubName" instance="34"/&gt;&lt;/android.widget.RelativeLayout&gt;&lt;android.widget.LinearLayout index="2" text="" class="android.widget.LinearLayout" package="in.upstox.pro" content-desc="" checkable="false" checked="false" clickable="false" enabled="true" focusable="false" focused="false" scrollable="false" long-clickable="false" password="false" selected="false" bounds="[456,1380][1041,1476]" resource-id="in.upstox.pro:id/right_layout" instance="16"&gt;&lt;android.view.View index="0" text="" class="android.view.View" package="in.upstox.pro" content-desc="" checkable="false" checked="false" clickable="false" enabled="true" focusable="true" focused="false" scrollable="false" long-clickable="false" password="false" selected="false" bounds="[482,1401][672,1454]" resource-id="in.upstox.pro:id/AreaGraph" instance="6"/&gt;&lt;android.widget.RelativeLayout index="1" text="" class="android.widget.RelativeLayout" package="in.upstox.pro" content-desc="" checkable="false" checked="false" clickable="false" enabled="true" focusable="false" focused="false" scrollable="false" long-clickable="false" password="false" selected="false" bounds="[698,1380][1041,1476]" resource-id="in.upstox.pro:id/ltp_layout" instance="28"&gt;&lt;android.widget.TextView index="0" text="₹" class="android.widget.TextView" package="in.upstox.pro" content-desc="" checkable="false" checked="false" clickable="false" enabled="true" focusable="false" focused="false" scrollable="false" long-clickable="false" password="false" selected="false" bounds="[853,1380][875,1432]" resource-id="in.upstox.pro:id/rupeeSymbolTv" instance="35"/&gt;&lt;android.widget.TextView index="1" text="- 1.15 (0.82%)" class="android.widget.TextView" package="in.upstox.pro" content-desc="" checkable="false" checked="false" clickable="false" enabled="true" focusable="false" focused="false" scrollable="false" long-clickable="false" password="false" selected="false" bounds="[820,1432][1033,1476]" resource-id="in.upstox.pro:id/watchListSinglePerChangeTv" instance="36"/&gt;&lt;android.widget.TextView index="2" text="139.80" class="android.widget.TextView" package="in.upstox.pro" content-desc="" checkable="false" checked="false" clickable="false" enabled="true" focusable="false" focused="false" scrollable="false" long-clickable="false" password="false" selected="false" bounds="[880,1380][1033,1434]" resource-id="in.upstox.pro:id/watchListSingleChangeTv" instance="37"/&gt;&lt;/android.widget.RelativeLayout&gt;&lt;/android.widget.LinearLayout&gt;&lt;/android.widget.LinearLayout&gt;&lt;/android.widget.FrameLayout&gt;&lt;/android.widget.RelativeLayout&gt;&lt;android.widget.RelativeLayout index="7" text="" class="android.widget.RelativeLayout" package="in.upstox.pro" content-desc="" checkable="false" checked="false" clickable="true" enabled="true" focusable="true" focused="false" scrollable="false" long-clickable="true" password="false" selected="false" bounds="[0,1510][1080,1674]" resource-id="" instance="29"&gt;&lt;android.widget.FrameLayout index="0" text="" class="android.widget.FrameLayout" package="in.upstox.pro" content-desc="" checkable="false" checked="false" clickable="false" enabled="true" focusable="false" focused="false" scrollable="false" long-clickable="false" password="false" selected="false" bounds="[0,1510][1080,1674]" resource-id="in.upstox.pro:id/container" instance="10"&gt;&lt;android.widget.LinearLayout index="0" text="" class="android.widget.LinearLayout" package="in.upstox.pro" content-desc="" checkable="false" checked="false" clickable="false" enabled="true" focusable="false" focused="false" scrollable="false" long-clickable="false" password="false" selected="false" bounds="[0,1510][1080,1674]" resource-id="" instance="17"&gt;&lt;android.widget.RelativeLayout index="1" text="" class="android.widget.RelativeLayout" package="in.upstox.pro" content-desc="" checkable="false" checked="false" clickable="false" enabled="true" focusable="false" focused="false" scrollable="false" long-clickable="false" password="false" selected="false" bounds="[39,1547][456,1648]" resource-id="in.upstox.pro:id/left_layout" instance="30"&gt;&lt;android.widget.TextView index="0" text="BHEL" class="android.widget.TextView" package="in.upstox.pro" content-desc="" checkable="false" checked="false" clickable="false" enabled="true" focusable="false" focused="false" scrollable="false" long-clickable="false" password="false" selected="false" bounds="[39,1547][154,1612]" resource-id="in.upstox.pro:id/watchListSingleRowNameTv" instance="38"/&gt;&lt;android.widget.TextView index="1" text="NSE EQ" class="android.widget.TextView" package="in.upstox.pro" content-desc="" checkable="false" checked="false" clickable="false" enabled="true" focusable="false" focused="false" scrollable="false" long-clickable="false" password="false" selected="false" bounds="[39,1607][139,1648]" resource-id="in.upstox.pro:id/watchListSubName" instance="39"/&gt;&lt;/android.widget.RelativeLayout&gt;&lt;android.widget.LinearLayout index="2" text="" class="android.widget.LinearLayout" package="in.upstox.pro" content-desc="" checkable="false" checked="false" clickable="false" enabled="true" focusable="false" focused="false" scrollable="false" long-clickable="false" password="false" selected="false" bounds="[456,1547][1041,1643]" resource-id="in.upstox.pro:id/right_layout" instance="18"&gt;&lt;android.view.View index="0" text="" class="android.view.View" package="in.upstox.pro" content-desc="" checkable="false" checked="false" clickable="false" enabled="true" focusable="true" focused="false" scrollable="false" long-clickable="false" password="false" selected="false" bounds="[482,1568][672,1621]" resource-id="in.upstox.pro:id/AreaGraph" instance="7"/&gt;&lt;android.widget.RelativeLayout index="1" text="" class="android.widget.RelativeLayout" package="in.upstox.pro" content-desc="" checkable="false" checked="false" clickable="false" enabled="true" focusable="false" focused="false" scrollable="false" long-clickable="false" password="false" selected="false" bounds="[698,1547][1041,1643]" resource-id="in.upstox.pro:id/ltp_layout" instance="31"&gt;&lt;android.widget.TextView index="0" text="₹" class="android.widget.TextView" package="in.upstox.pro" content-desc="" checkable="false" checked="false" clickable="false" enabled="true" focusable="false" focused="false" scrollable="false" long-clickable="false" password="false" selected="false" bounds="[881,1547][903,1599]" resource-id="in.upstox.pro:id/rupeeSymbolTv" instance="40"/&gt;&lt;android.widget.TextView index="1" text="- 0.10 (0.14%)" class="android.widget.TextView" package="in.upstox.pro" content-desc="" checkable="false" checked="false" clickable="false" enabled="true" focusable="false" focused="false" scrollable="false" long-clickable="false" password="false" selected="false" bounds="[820,1599][1033,1643]" resource-id="in.upstox.pro:id/watchListSinglePerChangeTv" instance="41"/&gt;&lt;android.widget.TextView index="2" text="72.60" class="android.widget.TextView" package="in.upstox.pro" content-desc="" checkable="false" checked="false" clickable="false" enabled="true" focusable="false" focused="false" scrollable="false" long-clickable="false" password="false" selected="false" bounds="[908,1547][1033,1601]" resource-id="in.upstox.pro:id/watchListSingleChangeTv" instance="42"/&gt;&lt;/android.widget.RelativeLayout&gt;&lt;/android.widget.LinearLayout&gt;&lt;/android.widget.LinearLayout&gt;&lt;/android.widget.FrameLayout&gt;&lt;/android.widget.RelativeLayout&gt;&lt;android.widget.RelativeLayout index="8" text="" class="android.widget.RelativeLayout" package="in.upstox.pro" content-desc="" checkable="false" checked="false" clickable="true" enabled="true" focusable="true" focused="false" scrollable="false" long-clickable="true" password="false" selected="false" bounds="[0,1677][1080,1794]" resource-id="" instance="32"&gt;&lt;android.widget.FrameLayout index="0" text="" class="android.widget.FrameLayout" package="in.upstox.pro" content-desc="" checkable="false" checked="false" clickable="false" enabled="true" focusable="false" focused="false" scrollable="false" long-clickable="false" password="false" selected="false" bounds="[0,1677][1080,1794]" resource-id="in.upstox.pro:id/container" instance="11"&gt;&lt;android.widget.LinearLayout index="0" text="" class="android.widget.LinearLayout" package="in.upstox.pro" content-desc="" checkable="false" checked="false" clickable="false" enabled="true" focusable="false" focused="false" scrollable="false" long-clickable="false" password="false" selected="false" bounds="[0,1677][1080,1794]" resource-id="" instance="19"&gt;&lt;android.widget.RelativeLayout index="1" text="" class="android.widget.RelativeLayout" package="in.upstox.pro" content-desc="" checkable="false" checked="false" clickable="false" enabled="true" focusable="false" focused="false" scrollable="false" long-clickable="false" password="false" selected="false" bounds="[39,1714][456,1794]" resource-id="in.upstox.pro:id/left_layout" instance="33"&gt;&lt;android.widget.TextView index="0" text="BPCL" class="android.widget.TextView" package="in.upstox.pro" content-desc="" checkable="false" checked="false" clickable="false" enabled="true" focusable="false" focused="false" scrollable="false" long-clickable="false" password="false" selected="false" bounds="[39,1714][151,1779]" resource-id="in.upstox.pro:id/watchListSingleRowNameTv" instance="43"/&gt;&lt;android.widget.TextView index="1" text="NSE EQ" class="android.widget.TextView" package="in.upstox.pro" content-desc="" checkable="false" checked="false" clickable="false" enabled="true" focusable="false" focused="false" scrollable="false" long-clickable="false" password="false" selected="false" bounds="[39,1774][139,1794]" resource-id="in.upstox.pro:id/watchListSubName" instance="44"/&gt;&lt;/android.widget.RelativeLayout&gt;&lt;android.widget.LinearLayout index="2" text="" class="android.widget.LinearLayout" package="in.upstox.pro" content-desc="" checkable="false" checked="false" clickable="false" enabled="true" focusable="false" focused="false" scrollable="false" long-clickable="false" password="false" selected="false" bounds="[456,1714][1041,1794]" resource-id="in.upstox.pro:id/right_layout" instance="20"&gt;&lt;android.view.View index="0" text="" class="android.view.View" package="in.upstox.pro" content-desc="" checkable="false" checked="false" clickable="false" enabled="true" focusable="true" focused="false" scrollable="false" long-clickable="false" password="false" selected="false" bounds="[482,1735][672,1788]" resource-id="in.upstox.pro:id/AreaGraph" instance="8"/&gt;&lt;android.widget.RelativeLayout index="1" text="" class="android.widget.RelativeLayout" package="in.upstox.pro" content-desc="" checkable="false" checked="false" clickable="false" enabled="true" focusable="false" focused="false" scrollable="false" long-clickable="false" password="false" selected="false" bounds="[698,1714][1041,1794]" resource-id="in.upstox.pro:id/ltp_layout" instance="34"&gt;&lt;android.widget.TextView index="0" text="₹" class="android.widget.TextView" package="in.upstox.pro" content-desc="" checkable="false" checked="false" clickable="false" enabled="true" focusable="false" focused="false" scrollable="false" long-clickable="false" password="false" selected="false" bounds="[853,1714][875,1766]" resource-id="in.upstox.pro:id/rupeeSymbolTv" instance="45"/&gt;&lt;android.widget.TextView index="1" text="- 0.05 (0.01%)" class="android.widget.TextView" package="in.upstox.pro" content-desc="" checkable="false" checked="false" clickable="false" enabled="true" focusable="false" focused="false" scrollable="false" long-clickable="false" password="false" selected="false" bounds="[820,1766][1033,1794]" resource-id="in.upstox.pro:id/watchListSinglePerChangeTv" instance="46"/&gt;&lt;android.widget.TextView index="2" text="401.95" class="android.widget.TextView" package="in.upstox.pro" content-desc="" checkable="false" checked="false" clickable="false" enabled="true" focusable="false" focused="false" scrollable="false" long-clickable="false" password="false" selected="false" bounds="[880,1714][1033,1768]" resource-id="in.upstox.pro:id/watchListSingleChangeTv" instance="47"/&gt;&lt;/android.widget.RelativeLayout&gt;&lt;/android.widget.LinearLayout&gt;&lt;/android.widget.LinearLayout&gt;&lt;/android.widget.FrameLayout&gt;&lt;/android.widget.RelativeLayout&gt;&lt;/android.support.v7.widget.RecyclerView&gt;&lt;/android.widget.RelativeLayout&gt;&lt;android.widget.RelativeLayout index="1" text="" class="android.widget.RelativeLayout" package="in.upstox.pro" content-desc="" checkable="false" checked="false" clickable="false" enabled="true" focusable="false" focused="false" scrollable="false" long-clickable="false" password="false" selected="false" bounds="[534,1730][545,1741]" resource-id="" instance="35"/&gt;&lt;/android.widget.RelativeLayout&gt;&lt;/android.widget.RelativeLayout&gt;&lt;android.widget.LinearLayout index="1" text="" class="android.widget.LinearLayout" package="in.upstox.pro" content-desc="" checkable="false" checked="false" clickable="true" enabled="true" focusable="true" focused="false" scrollable="false" long-clickable="false" password="false" selected="false" bounds="[0,210][1080,341]" resource-id="in.upstox.pro:id/spot_layout" instance="21"&gt;&lt;android.widget.LinearLayout index="0" text="" class="android.widget.LinearLayout" package="in.upstox.pro" content-desc="" checkable="false" checked="false" clickable="false" enabled="true" focusable="false" focused="false" scrollable="false" long-clickable="false" password="false" selected="false" bounds="[8,231][1072,320]" resource-id="" instance="22"&gt;&lt;android.widget.RelativeLayout index="0" text="" class="android.widget.RelativeLayout" package="in.upstox.pro" content-desc="" checkable="false" checked="false" clickable="false" enabled="true" focusable="false" focused="false" scrollable="false" long-clickable="false" password="false" selected="false" bounds="[47,231][599,320]" resource-id="" instance="36"&gt;&lt;android.widget.TextView index="0" text="NIFTY BANK" class="android.widget.TextView" package="in.upstox.pro" content-desc="" checkable="false" checked="false" clickable="false" enabled="true" focusable="false" focused="false" scrollable="false" long-clickable="false" password="false" selected="false" bounds="[47,231][270,285]" resource-id="in.upstox.pro:id/sensex" instance="48"/&gt;&lt;android.widget.TextView index="1" text="₹ 31597.90" class="android.widget.TextView" package="in.upstox.pro" content-desc="" checkable="false" checked="false" clickable="false" enabled="true" focusable="false" focused="false" scrollable="false" long-clickable="false" password="false" selected="false" bounds="[270,231][501,285]" resource-id="in.upstox.pro:id/bse_spot_price" instance="49"/&gt;&lt;android.widget.TextView index="2" text="-  49.75 (0.16%)" class="android.widget.TextView" package="in.upstox.pro" content-desc="" checkable="false" checked="false" clickable="false" enabled="true" focusable="false" focused="false" scrollable="false" long-clickable="false" password="false" selected="false" bounds="[276,280][501,320]" resource-id="in.upstox.pro:id/bse_spot_change" instance="50"/&gt;&lt;/android.widget.RelativeLayout&gt;&lt;android.widget.RelativeLayout index="1" text="" class="android.widget.RelativeLayout" package="in.upstox.pro" content-desc="" checkable="false" checked="false" clickable="false" enabled="true" focusable="false" focused="false" scrollable="false" long-clickable="false" password="false" selected="false" bounds="[599,231][1033,320]" resource-id="" instance="37"&gt;&lt;android.widget.TextView index="0" text="NIFTY" class="android.widget.TextView" package="in.upstox.pro" content-desc="" checkable="false" checked="false" clickable="false" enabled="true" focusable="false" focused="false" scrollable="false" long-clickable="false" password="false" selected="false" bounds="[691,231][802,285]" resource-id="" instance="51"/&gt;&lt;android.widget.TextView index="1" text="₹ 11928.75" class="android.widget.TextView" package="in.upstox.pro" content-desc="" checkable="false" checked="false" clickable="false" enabled="true" focusable="false" focused="false" scrollable="false" long-clickable="false" password="false" selected="false" bounds="[802,231][1033,285]" resource-id="in.upstox.pro:id/nse_spot_price" instance="52"/&gt;&lt;android.widget.TextView index="2" text="+ 4.00 (0.03%)" class="android.widget.TextView" package="in.upstox.pro" content-desc="" checkable="false" checked="false" clickable="false" enabled="true" focusable="false" focused="false" scrollable="false" long-clickable="false" password="false" selected="false" bounds="[824,280][1033,320]" resource-id="in.upstox.pro:id/nse_spot_change" instance="53"/&gt;&lt;/android.widget.RelativeLayout&gt;&lt;/android.widget.LinearLayout&gt;&lt;/android.widget.LinearLayout&gt;&lt;/android.widget.RelativeLayout&gt;&lt;/android.widget.RelativeLayout&gt;&lt;/android.widget.RelativeLayout&gt;&lt;android.widget.LinearLayout index="1" text="" class="android.widget.LinearLayout" package="in.upstox.pro" content-desc="" checkable="false" checked="false" clickable="true" enabled="true" focusable="true" focused="false" scrollable="false" long-clickable="false" password="false" selected="false" bounds="[0,63][709,1794]" resource-id="" instance="23"&gt;&lt;android.widget.RelativeLayout index="0" text="" class="android.widget.RelativeLayout" package="in.upstox.pro" content-desc="" checkable="false" checked="false" clickable="false" enabled="true" focusable="false" focused="false" scrollable="false" long-clickable="false" password="false" selected="false" bounds="[0,63][709,1794]" resource-id="" instance="38"&gt;&lt;android.widget.LinearLayout index="0" text="" class="android.widget.LinearLayout" package="in.upstox.pro" content-desc="" checkable="false" checked="false" clickable="false" enabled="true" focusable="false" focused="false" scrollable="false" long-clickable="false" password="false" selected="false" bounds="[0,63][709,315]" resource-id="in.upstox.pro:id/lin_menu_user_details" instance="24"&gt;&lt;android.widget.ImageView index="0" text="" class="android.widget.ImageView" package="in.upstox.pro" content-desc="" checkable="false" checked="false" clickable="false" enabled="true" focusable="false" focused="false" scrollable="false" long-clickable="false" password="false" selected="false" bounds="[13,121][174,310]" resource-id="" instance="0"/&gt;&lt;android.widget.RelativeLayout index="1" text="" class="android.widget.RelativeLayout" package="in.upstox.pro" content-desc="" checkable="false" checked="false" clickable="false" enabled="true" focusable="false" focused="false" scrollable="false" long-clickable="false" password="false" selected="false" bounds="[174,142][667,300]" resource-id="in.upstox.pro:id/rel_guest_user" instance="39"&gt;&lt;android.widget.TextView index="0" text="WELCOME" class="android.widget.TextView" package="in.upstox.pro" content-desc="" checkable="false" checked="false" clickable="false" enabled="true" focusable="false" focused="false" scrollable="false" long-clickable="false" password="false" selected="false" bounds="[174,142][667,300]" resource-id="" instance="54"/&gt;&lt;/android.widget.RelativeLayout&gt;&lt;/android.widget.LinearLayout&gt;&lt;android.widget.ExpandableListView index="1" text="" class="android.widget.ExpandableListView" package="in.upstox.pro" content-desc="" checkable="false" checked="false" clickable="false" enabled="true" focusable="true" focused="false" scrollable="false" long-clickable="false" password="false" selected="false" bounds="[0,315][709,1532]" resource-id="in.upstox.pro:id/left_drawer" instance="0"&gt;&lt;android.widget.RelativeLayout index="0" text="" class="android.widget.RelativeLayout" package="in.upstox.pro" content-desc="" checkable="false" checked="false" clickable="true" enabled="true" focusable="false" focused="false" scrollable="false" long-clickable="false" password="false" selected="false" bounds="[0,315][709,469]" resource-id="" instance="40"&gt;&lt;android.widget.ImageView index="0" text="" class="android.widget.ImageView" package="in.upstox.pro" content-desc="" checkable="false" checked="false" clickable="false" enabled="true" focusable="false" focused="false" scrollable="false" long-clickable="false" password="false" selected="false" bounds="[87,373][126,411]" resource-id="in.upstox.pro:id/row_icon_left" instance="1"/&gt;&lt;android.widget.TextView index="1" text="WATCHLIST" class="android.widget.TextView" package="in.upstox.pro" content-desc="" checkable="false" checked="false" clickable="false" enabled="true" focusable="false" focused="false" scrollable="false" long-clickable="false" password="false" selected="false" bounds="[173,368][356,416]" resource-id="in.upstox.pro:id/row_name" instance="55"/&gt;&lt;android.widget.ImageView index="2" text="" class="android.widget.ImageView" package="in.upstox.pro" content-desc="" checkable="false" checked="false" clickable="false" enabled="true" focusable="false" focused="false" scrollable="false" long-clickable="false" password="false" selected="false" bounds="[609,379][635,405]" resource-id="in.upstox.pro:id/row_icon" instance="2"/&gt;&lt;/android.widget.RelativeLayout&gt;&lt;android.widget.RelativeLayout index="1" text="" class="android.widget.RelativeLayout" package="in.upstox.pro" content-desc="" checkable="false" checked="false" clickable="true" enabled="true" focusable="false" focused="false" scrollable="false" long-clickable="false" password="false" selected="false" bounds="[0,468][709,622]" resource-id="" instance="41"&gt;&lt;android.widget.ImageView index="0" text="" class="android.widget.ImageView" package="in.upstox.pro" content-desc="" checkable="false" checked="false" clickable="false" enabled="true" focusable="false" focused="false" scrollable="false" long-clickable="false" password="false" selected="false" bounds="[87,526][116,567]" resource-id="in.upstox.pro:id/row_icon_left" instance="3"/&gt;&lt;android.widget.TextView index="1" text="ORDER HISTORY" class="android.widget.TextView" package="in.upstox.pro" content-desc="" checkable="false" checked="false" clickable="false" enabled="true" focusable="false" focused="false" scrollable="false" long-clickable="false" password="false" selected="false" bounds="[163,521][423,569]" resource-id="in.upstox.pro:id/row_name" instance="56"/&gt;&lt;/android.widget.RelativeLayout&gt;&lt;android.widget.RelativeLayout index="2" text="" class="android.widget.RelativeLayout" package="in.upstox.pro" content-desc="" checkable="false" checked="false" clickable="true" enabled="true" focusable="false" focused="false" scrollable="false" long-clickable="false" password="false" selected="false" bounds="[0,621][709,775]" resource-id="" instance="42"&gt;&lt;android.widget.ImageView index="0" text="" class="android.widget.ImageView" package="in.upstox.pro" content-desc="" checkable="false" checked="false" clickable="false" enabled="true" focusable="false" focused="false" scrollable="false" long-clickable="false" password="false" selected="false" bounds="[87,679][119,706]" resource-id="in.upstox.pro:id/row_icon_left" instance="4"/&gt;&lt;android.widget.TextView index="1" text="PORTFOLIO" class="android.widget.TextView" package="in.upstox.pro" content-desc="" checkable="false" checked="false" clickable="false" enabled="true" focusable="false" focused="false" scrollable="false" long-clickable="false" password="false" selected="false" bounds="[166,674][348,722]" resource-id="in.upstox.pro:id/row_name" instance="57"/&gt;&lt;/android.widget.RelativeLayout&gt;&lt;android.widget.RelativeLayout index="3" text="" class="android.widget.RelativeLayout" package="in.upstox.pro" content-desc="" checkable="false" checked="false" clickable="true" enabled="true" focusable="false" focused="false" scrollable="false" long-clickable="false" password="false" selected="false" bounds="[0,774][709,928]" resource-id="" instance="43"&gt;&lt;android.widget.ImageView index="0" text="" class="android.widget.ImageView" package="in.upstox.pro" content-desc="" checkable="false" checked="false" clickable="false" enabled="true" focusable="false" focused="false" scrollable="false" long-clickable="false" password="false" selected="false" bounds="[87,832][121,866]" resource-id="in.upstox.pro:id/row_icon_left" instance="5"/&gt;&lt;android.widget.TextView index="1" text="BALANCE" class="android.widget.TextView" package="in.upstox.pro" content-desc="" checkable="false" checked="false" clickable="false" enabled="true" focusable="false" focused="false" scrollable="false" long-clickable="false" password="false" selected="false" bounds="[168,827][317,875]" resource-id="in.upstox.pro:id/row_name" instance="58"/&gt;&lt;/android.widget.RelativeLayout&gt;&lt;android.widget.RelativeLayout index="4" text="" class="android.widget.RelativeLayout" package="in.upstox.pro" content-desc="" checkable="false" checked="false" clickable="true" enabled="true" focusable="false" focused="false" scrollable="false" long-clickable="false" password="false" selected="false" bounds="[0,927][709,1081]" resource-id="" instance="44"&gt;&lt;android.widget.ImageView index="0" text="" class="android.widget.ImageView" package="in.upstox.pro" content-desc="" checkable="false" checked="false" clickable="false" enabled="true" focusable="false" focused="false" scrollable="false" long-clickable="false" password="false" selected="false" bounds="[87,985][121,1019]" resource-id="in.upstox.pro:id/row_icon_left" instance="6"/&gt;&lt;android.widget.TextView index="1" text="MORE" class="android.widget.TextView" package="in.upstox.pro" content-desc="" checkable="false" checked="false" clickable="false" enabled="true" focusable="false" focused="false" scrollable="false" long-clickable="false" password="false" selected="false" bounds="[168,980][262,1028]" resource-id="in.upstox.pro:id/row_name" instance="59"/&gt;&lt;android.widget.ImageView index="2" text="" class="android.widget.ImageView" package="in.upstox.pro" content-desc="" checkable="false" checked="false" clickable="false" enabled="true" focusable="false" focused="false" scrollable="false" long-clickable="false" password="false" selected="false" bounds="[609,991][635,1017]" resource-id="in.upstox.pro:id/row_icon" instance="7"/&gt;&lt;/android.widget.RelativeLayout&gt;&lt;android.widget.RelativeLayout index="5" text="" class="android.widget.RelativeLayout" package="in.upstox.pro" content-desc="" checkable="false" checked="false" clickable="true" enabled="true" focusable="false" focused="false" scrollable="false" long-clickable="false" password="false" selected="false" bounds="[0,1080][709,1234]" resource-id="" instance="45"&gt;&lt;android.widget.ImageView index="0" text="" class="android.widget.ImageView" package="in.upstox.pro" content-desc="" checkable="false" checked="false" clickable="false" enabled="true" focusable="false" focused="false" scrollable="false" long-clickable="false" password="false" selected="false" bounds="[87,1138][121,1172]" resource-id="in.upstox.pro:id/row_icon_left" instance="8"/&gt;&lt;android.widget.TextView index="1" text="INVITE FRIENDS" class="android.widget.TextView" package="in.upstox.pro" content-desc="" checkable="false" checked="false" clickable="false" enabled="true" focusable="false" focused="false" scrollable="false" long-clickable="false" password="false" selected="false" bounds="[168,1133][430,1181]" resource-id="in.upstox.pro:id/row_name" instance="60"/&gt;&lt;/android.widget.RelativeLayout&gt;&lt;/android.widget.ExpandableListView&gt;&lt;android.widget.RelativeLayout index="2" text="" class="android.widget.RelativeLayout" package="in.upstox.pro" content-desc="" checkable="false" checked="false" clickable="true" enabled="true" focusable="true" focused="false" scrollable="false" long-clickable="false" password="false" selected="false" bounds="[0,1532][709,1663]" resource-id="in.upstox.pro:id/log_in" instance="46"&gt;&lt;android.widget.ImageView index="0" text="" class="android.widget.ImageView" package="in.upstox.pro" content-desc="" checkable="false" checked="false" clickable="false" enabled="true" focusable="false" focused="false" scrollable="false" long-clickable="false" password="false" selected="false" bounds="[66,1579][100,1616]" resource-id="in.upstox.pro:id/image_signout" instance="9"/&gt;&lt;android.widget.TextView index="1" text="LOG IN" class="android.widget.TextView" package="in.upstox.pro" content-desc="" checkable="false" checked="false" clickable="false" enabled="true" focusable="false" focused="false" scrollable="false" long-clickable="false" password="false" selected="false" bounds="[153,1571][297,1623]" resource-id="" instance="61"/&gt;&lt;/android.widget.RelativeLayout&gt;&lt;android.widget.RelativeLayout index="3" text="" class="android.widget.RelativeLayout" package="in.upstox.pro" content-desc="" checkable="false" checked="false" clickable="true" enabled="true" focusable="true" focused="false" scrollable="false" long-clickable="false" password="false" selected="false" bounds="[0,1663][709,1794]" resource-id="in.upstox.pro:id/open_account" instance="47"&gt;&lt;android.widget.ImageView index="0" text="" class="android.widget.ImageView" package="in.upstox.pro" content-desc="" checkable="false" checked="false" clickable="false" enabled="true" focusable="false" focused="false" scrollable="false" long-clickable="false" password="false" se
[...]
[501,285]" resource-id="in.upstox.pro:id/bse_spot_price" instance="49"/&gt;&lt;android.widget.TextView index="2" text="-  49.75 (0.16%)" class="android.widget.TextView" package="in.upstox.pro" content-desc="" checkable="false" checked="false" clickable="false" enabled="true" focusable="false" focused="false" scrollable="false" long-clickable="false" password="false" selected="false" bounds="[276,280][501,320]" resource-id="in.upstox.pro:id/bse_spot_change" instance="50"/&gt;&lt;/android.widget.RelativeLayout&gt;&lt;android.widget.RelativeLayout index="1" text="" class="android.widget.RelativeLayout" package="in.upstox.pro" content-desc="" checkable="false" checked="false" clickable="false" enabled="true" focusable="false" focused="false" scrollable="false" long-clickable="false" password="false" selected="false" bounds="[599,231][1033,320]" resource-id="" instance="37"&gt;&lt;android.widget.TextView index="0" text="NIFTY" class="android.widget.TextView" package="in.upstox.pro" content-desc="" checkable="false" checked="false" clickable="false" enabled="true" focusable="false" focused="false" scrollable="false" long-clickable="false" password="false" selected="false" bounds="[691,231][802,285]" resource-id="" instance="51"/&gt;&lt;android.widget.TextView index="1" text="₹ 11928.75" class="android.widget.TextView" package="in.upstox.pro" content-desc="" checkable="false" checked="false" clickable="false" enabled="true" focusable="false" focused="false" scrollable="false" long-clickable="false" password="false" selected="false" bounds="[802,231][1033,285]" resource-id="in.upstox.pro:id/nse_spot_price" instance="52"/&gt;&lt;android.widget.TextView index="2" text="+ 4.00 (0.03%)" class="android.widget.TextView" package="in.upstox.pro" content-desc="" checkable="false" checked="false" clickable="false" enabled="true" focusable="false" focused="false" scrollable="false" long-clickable="false" password="false" selected="false" bounds="[824,280][1033,320]" resource-id="in.upstox.pro:id/nse_spot_change" instance="53"/&gt;&lt;/android.widget.RelativeLayout&gt;&lt;/android.widget.LinearLayout&gt;&lt;/android.widget.LinearLayout&gt;&lt;/android.widget.RelativeLayout&gt;&lt;/android.widget.RelativeLayout&gt;&lt;/android.widget.RelativeLayout&gt;&lt;android.widget.LinearLayout index="1" text="" class="android.widget.LinearLayout" package="in.upstox.pro" content-desc="" checkable="false" checked="false" clickable="true" enabled="true" focusable="true" focused="false" scrollable="false" long-clickable="false" password="false" selected="false" bounds="[0,63][709,1794]" resource-id="" instance="23"&gt;&lt;android.widget.RelativeLayout index="0" text="" class="android.widget.RelativeLayout" package="in.upstox.pro" content-desc="" checkable="false" checked="false" clickable="false" enabled="true" focusable="false" focused="false" scrollable="false" long-clickable="false" password="false" selected="false" bounds="[0,63][709,1794]" resource-id="" instance="38"&gt;&lt;android.widget.LinearLayout index="0" text="" class="android.widget.LinearLayout" package="in.upstox.pro" content-desc="" checkable="false" checked="false" clickable="false" enabled="true" focusable="false" focused="false" scrollable="false" long-clickable="false" password="false" selected="false" bounds="[0,63][709,315]" resource-id="in.upstox.pro:id/lin_menu_user_details" instance="24"&gt;&lt;android.widget.ImageView index="0" text="" class="android.widget.ImageView" package="in.upstox.pro" content-desc="" checkable="false" checked="false" clickable="false" enabled="true" focusable="false" focused="false" scrollable="false" long-clickable="false" password="false" selected="false" bounds="[13,121][174,310]" resource-id="" instance="0"/&gt;&lt;android.widget.RelativeLayout index="1" text="" class="android.widget.RelativeLayout" package="in.upstox.pro" content-desc="" checkable="false" checked="false" clickable="false" enabled="true" focusable="false" focused="false" scrollable="false" long-clickable="false" password="false" selected="false" bounds="[174,142][667,300]" resource-id="in.upstox.pro:id/rel_guest_user" instance="39"&gt;&lt;android.widget.TextView index="0" text="WELCOME" class="android.widget.TextView" package="in.upstox.pro" content-desc="" checkable="false" checked="false" clickable="false" enabled="true" focusable="false" focused="false" scrollable="false" long-clickable="false" password="false" selected="false" bounds="[174,142][667,300]" resource-id="" instance="54"/&gt;&lt;/android.widget.RelativeLayout&gt;&lt;/android.widget.LinearLayout&gt;&lt;android.widget.ExpandableListView index="1" text="" class="android.widget.ExpandableListView" package="in.upstox.pro" content-desc="" checkable="false" checked="false" clickable="false" enabled="true" focusable="true" focused="false" scrollable="false" long-clickable="false" password="false" selected="false" bounds="[0,315][709,1532]" resource-id="in.upstox.pro:id/left_drawer" instance="0"&gt;&lt;android.widget.RelativeLayout index="0" text="" class="android.widget.RelativeLayout" package="in.upstox.pro" content-desc="" checkable="false" checked="false" clickable="true" enabled="true" focusable="false" focused="false" scrollable="false" long-clickable="false" password="false" selected="false" bounds="[0,315][709,469]" resource-id="" instance="40"&gt;&lt;android.widget.ImageView index="0" text="" class="android.widget.ImageView" package="in.upstox.pro" content-desc="" checkable="false" checked="false" clickable="false" enabled="true" focusable="false" focused="false" scrollable="false" long-clickable="false" password="false" selected="false" bounds="[87,373][126,411]" resource-id="in.upstox.pro:id/row_icon_left" instance="1"/&gt;&lt;android.widget.TextView index="1" text="WATCHLIST" class="android.widget.TextView" package="in.upstox.pro" content-desc="" checkable="false" checked="false" clickable="false" enabled="true" focusable="false" focused="false" scrollable="false" long-clickable="false" password="false" selected="false" bounds="[173,368][356,416]" resource-id="in.upstox.pro:id/row_name" instance="55"/&gt;&lt;android.widget.ImageView index="2" text="" class="android.widget.ImageView" package="in.upstox.pro" content-desc="" checkable="false" checked="false" clickable="false" enabled="true" focusable="false" focused="false" scrollable="false" long-clickable="false" password="false" selected="false" bounds="[609,379][635,405]" resource-id="in.upstox.pro:id/row_icon" instance="2"/&gt;&lt;/android.widget.RelativeLayout&gt;&lt;android.widget.RelativeLayout index="1" text="" class="android.widget.RelativeLayout" package="in.upstox.pro" content-desc="" checkable="false" checked="false" clickable="true" enabled="true" focusable="false" focused="false" scrollable="false" long-clickable="false" password="false" selected="false" bounds="[0,468][709,622]" resource-id="" instance="41"&gt;&lt;android.widget.ImageView index="0" text="" class="android.widget.ImageView" package="in.upstox.pro" content-desc="" checkable="false" checked="false" clickable="false" enabled="true" focusable="false" focused="false" scrollable="false" long-clickable="false" password="false" selected="false" bounds="[87,526][116,567]" resource-id="in.upstox.pro:id/row_icon_left" instance="3"/&gt;&lt;android.widget.TextView index="1" text="ORDER HISTORY" class="android.widget.TextView" package="in.upstox.pro" content-desc="" checkable="false" checked="false" clickable="false" enabled="true" focusable="false" focused="false" scrollable="false" long-clickable="false" password="false" selected="false" bounds="[163,521][423,569]" resource-id="in.upstox.pro:id/row_name" instance="56"/&gt;&lt;/android.widget.RelativeLayout&gt;&lt;android.widget.RelativeLayout index="2" text="" class="android.widget.RelativeLayout" package="in.upstox.pro" content-desc="" checkable="false" checked="false" clickable="true" enabled="true" focusable="false" focused="false" scrollable="false" long-clickable="false" password="false" selected="false" bounds="[0,621][709,775]" resource-id="" instance="42"&gt;&lt;android.widget.ImageView index="0" text="" class="android.widget.ImageView" package="in.upstox.pro" content-desc="" checkable="false" checked="false" clickable="false" enabled="true" focusable="false" focused="false" scrollable="false" long-clickable="false" password="false" selected="false" bounds="[87,679][119,706]" resource-id="in.upstox.pro:id/row_icon_left" instance="4"/&gt;&lt;android.widget.TextView index="1" text="PORTFOLIO" class="android.widget.TextView" package="in.upstox.pro" content-desc="" checkable="false" checked="false" clickable="false" enabled="true" focusable="false" focused="false" scrollable="false" long-clickable="false" password="false" selected="false" bounds="[166,674][348,722]" resource-id="in.upstox.pro:id/row_name" instance="57"/&gt;&lt;/android.widget.RelativeLayout&gt;&lt;android.widget.RelativeLayout index="3" text="" class="android.widget.RelativeLayout" package="in.upstox.pro" content-desc="" checkable="false" checked="false" clickable="true" enabled="true" focusable="false" focused="false" scrollable="false" long-clickable="false" password="false" selected="false" bounds="[0,774][709,928]" resource-id="" instance="43"&gt;&lt;android.widget.ImageView index="0" text="" class="android.widget.ImageView" package="in.upstox.pro" content-desc="" checkable="false" checked="false" clickable="false" enabled="true" focusable="false" focused="false" scrollable="false" long-clickable="false" password="false" selected="false" bounds="[87,832][121,866]" resource-id="in.upstox.pro:id/row_icon_left" instance="5"/&gt;&lt;android.widget.TextView index="1" text="BALANCE" class="android.widget.TextView" package="in.upstox.pro" content-desc="" checkable="false" checked="false" clickable="false" enabled="true" focusable="false" focused="false" scrollable="false" long-clickable="false" password="false" selected="false" bounds="[168,827][317,875]" resource-id="in.upstox.pro:id/row_name" instance="58"/&gt;&lt;/android.widget.RelativeLayout&gt;&lt;android.widget.RelativeLayout index="4" text="" class="android.widget.RelativeLayout" package="in.upstox.pro" content-desc="" checkable="false" checked="false" clickable="true" enabled="true" focusable="false" focused="false" scrollable="false" long-clickable="false" password="false" selected="false" bounds="[0,927][709,1081]" resource-id="" instance="44"&gt;&lt;android.widget.ImageView index="0" text="" class="android.widget.ImageView" package="in.upstox.pro" content-desc="" checkable="false" checked="false" clickable="false" enabled="true" focusable="false" focused="false" scrollable="false" long-clickable="false" password="false" selected="false" bounds="[87,985][121,1019]" resource-id="in.upstox.pro:id/row_icon_left" instance="6"/&gt;&lt;android.widget.TextView index="1" text="MORE" class="android.widget.TextView" package="in.upstox.pro" content-desc="" checkable="false" checked="false" clickable="false" enabled="true" focusable="false" focused="false" scrollable="false" long-clickable="false" password="false" selected="false" bounds="[168,980][262,1028]" resource-id="in.upstox.pro:id/row_name" instance="59"/&gt;&lt;android.widget.ImageView index="2" text="" class="android.widget.ImageView" package="in.upstox.pro" content-desc="" checkable="false" checked="false" clickable="false" enabled="true" focusable="false" focused="false" scrollable="false" long-clickable="false" password="false" selected="false" bounds="[609,991][635,1017]" resource-id="in.upstox.pro:id/row_icon" instance="7"/&gt;&lt;/android.widget.RelativeLayout&gt;&lt;android.widget.RelativeLayout index="5" text="" class="android.widget.RelativeLayout" package="in.upstox.pro" content-desc="" checkable="false" checked="false" clickable="true" enabled="true" focusable="false" focused="false" scrollable="false" long-clickable="false" password="false" selected="false" bounds="[0,1080][709,1234]" resource-id="" instance="45"&gt;&lt;android.widget.ImageView index="0" text="" class="android.widget.ImageView" package="in.upstox.pro" content-desc="" checkable="false" checked="false" clickable="false" enabled="true" focusable="false" focused="false" scrollable="false" long-clickable="false" password="false" selected="false" bounds="[87,1138][121,1172]" resource-id="in.upstox.pro:id/row_icon_left" instance="8"/&gt;&lt;android.widget.TextView index="1" text="INVITE FRIENDS" class="android.widget.TextView" package="in.upstox.pro" content-desc="" checkable="false" checked="false" clickable="false" enabled="true" focusable="false" focused="false" scrollable="false" long-clickable="false" password="false" selected="false" bounds="[168,1133][430,1181]" resource-id="in.upstox.pro:id/row_name" instance="60"/&gt;&lt;/android.widget.RelativeLayout&gt;&lt;/android.widget.ExpandableListView&gt;&lt;android.widget.RelativeLayout index="2" text="" class="android.widget.RelativeLayout" package="in.upstox.pro" content-desc="" checkable="false" checked="false" clickable="true" enabled="true" focusable="true" focused="false" scrollable="false" long-clickable="false" password="false" selected="false" bounds="[0,1532][709,1663]" resource-id="in.upstox.pro:id/log_in" instance="46"&gt;&lt;android.widget.ImageView index="0" text="" class="android.widget.ImageView" package="in.upstox.pro" content-desc="" checkable="false" checked="false" clickable="false" enabled="true" focusable="false" focused="false" scrollable="false" long-clickable="false" password="false" selected="false" bounds="[66,1579][100,1616]" resource-id="in.upstox.pro:id/image_signout" instance="9"/&gt;&lt;android.widget.TextView index="1" text="LOG IN" class="android.widget.TextView" package="in.upstox.pro" content-desc="" checkable="false" checked="false" clickable="false" enabled="true" focusable="false" focused="false" scrollable="false" long-clickable="false" password="false" selected="false" bounds="[153,1571][297,1623]" resource-id="" instance="61"/&gt;&lt;/android.widget.RelativeLayout&gt;&lt;android.widget.RelativeLayout index="3" text="" class="android.widget.RelativeLayout" package="in.upstox.pro" content-desc="" checkable="false" checked="false" clickable="true" enabled="true" focusable="true" focused="false" scrollable="false" long-clickable="false" password="false" selected="false" bounds="[0,1663][709,1794]" resource-id="in.upstox.pro:id/open_account" instance="47"&gt;&lt;android.widget.ImageView index="0" text="" class="android.widget.ImageView" package="in.upstox.pro" content-desc="" checkable="false" checked="false" clickable="false" enabled="true" focusable="false" focused="false" scrollable="false" long-clickable="false" password="false" selected="false" bounds="[66,1711][100,1745]" resource-id="in.upstox.pro:id/image_open_an_account" instance="10"/&gt;&lt;android.widget.TextView index="1" text="OPEN AN ACCOUNT" class="android.widget.TextView" package="in.upstox.pro" content-desc="" checkable="false" checked="false" clickable="false" enabled="true" focusable="false" focused="false" scrollable="false" long-clickable="false" password="false" selected="false" bounds="[153,1702][544,1754]" resource-id="in.upstox.pro:id/sign_up" instance="62"/&gt;&lt;/android.widget.RelativeLayout&gt;&lt;/android.widget.RelativeLayout&gt;&lt;/android.widget.LinearLayout&gt;&lt;/android.support.v4.widget.DrawerLayout&gt;&lt;/android.widget.FrameLayout&gt;&lt;/android.widget.LinearLayout&gt;&lt;/android.widget.FrameLayout&gt;&lt;/android.widget.LinearLayout&gt;&lt;android.view.View index="1" text="" class="android.view.View" package="in.upstox.pro" content-desc="" checkable="false" checked="false" clickable="false" enabled="true" focusable="false" focused="false" scrollable="false" long-clickable="false" password="false" selected="false" bounds="[0,0][1080,63]" resource-id="android:id/statusBarBackground" instance="9"/&gt;&lt;android.view.View index="2" text="" class="android.view.View" package="in.upstox.pro" content-desc="" checkable="false" checked="false" clickable="false" enabled="true" focusable="false" focused="false" scrollable="false" long-clickable="false" password="false" selected="false" bounds="[0,1794][1080,1920]" resource-id="android:id/navigationBarBackground" instance="10"/&gt;&lt;/android.widget.FrameLayout&gt;&lt;/hierarchy&gt;</msg>
<kw name="Capture Page Screenshot" library="AppiumLibrary">
<doc>Takes a screenshot of the current page and embeds it into the log.</doc>
<msg timestamp="20190528 21:28:25.428" level="INFO" html="yes">&lt;/td&gt;&lt;/tr&gt;&lt;tr&gt;&lt;td colspan="3"&gt;&lt;a href="appium-screenshot-4.png"&gt;&lt;img src="appium-screenshot-4.png" width="800px"&gt;&lt;/a&gt;</msg>
<status status="PASS" starttime="20190528 21:28:24.512" endtime="20190528 21:28:25.428"></status>
</kw>
<msg timestamp="20190528 21:28:25.429" level="FAIL">Element locator 'in.upstox.pro:id/quantity_value' did not match any elements after 20 seconds</msg>
<status status="FAIL" starttime="20190528 21:28:04.221" endtime="20190528 21:28:25.429"></status>
</kw>
<status status="FAIL" starttime="20190528 21:28:04.220" endtime="20190528 21:28:25.429"></status>
</kw>
<status status="FAIL" starttime="20190528 21:28:04.220" endtime="20190528 21:28:25.429"></status>
</kw>
<status status="FAIL" starttime="20190528 21:28:04.219" endtime="20190528 21:28:25.434" critical="yes">Element locator 'in.upstox.pro:id/quantity_value' did not match any elements after 20 seconds</status>
</test>
<test id="s1-t7" name="7. Verify the details and buy the Equity">
<kw name="Review all the details" library="screen5_reviewAndbuy">
<kw name="Wait for Element to get visible" library="screen1_landing">
<arguments>
<arg>${review_screen}</arg>
</arguments>
<kw name="Wait Until Element Is Visible" library="AppiumLibrary">
<doc>Waits until element specified with `locator` is visible.</doc>
<arguments>
<arg>${element}</arg>
<arg>${high_wait_time}</arg>
</arguments>
<kw name="Capture Page Screenshot" library="AppiumLibrary">
<doc>Takes a screenshot of the current page and embeds it into the log.</doc>
<msg timestamp="20190528 21:28:38.804" level="FAIL">InvalidSessionIdException: Message: A session is either terminated or not started
</msg>
<status status="FAIL" starttime="20190528 21:28:38.789" endtime="20190528 21:28:38.804"></status>
</kw>
<msg timestamp="20190528 21:28:38.808" level="WARN">Keyword 'Capture Page Screenshot' could not be run on failure: InvalidSessionIdException: Message: A session is either terminated or not started
</msg>
<msg timestamp="20190528 21:28:38.831" level="FAIL">WebDriverException: Message: An unknown server-side error occurred while processing the command. Original error: UiAUtomator shut down unexpectedly
</msg>
<status status="FAIL" starttime="20190528 21:28:25.436" endtime="20190528 21:28:38.831"></status>
</kw>
<status status="FAIL" starttime="20190528 21:28:25.436" endtime="20190528 21:28:38.831"></status>
</kw>
<status status="FAIL" starttime="20190528 21:28:25.435" endtime="20190528 21:28:38.831"></status>
</kw>
<status status="FAIL" starttime="20190528 21:28:25.435" endtime="20190528 21:28:38.831" critical="yes">WebDriverException: Message: An unknown server-side error occurred while processing the command. Original error: UiAUtomator shut down unexpectedly
</status>
</test>
<doc>This Suite Contains the Test Cases for Install and Launcher Activity</doc>
<status status="FAIL" starttime="20190528 21:26:26.888" endtime="20190528 21:28:38.833"></status>
</suite>
<statistics>
<total>
<stat pass="2" fail="5">Critical Tests</stat>
<stat pass="2" fail="5">All Tests</stat>
</total>
<tag>
</tag>
<suite>
<stat pass="2" fail="5" id="s1" name="ustory1 BuyanEquity">ustory1 BuyanEquity</stat>
</suite>
</statistics>
<errors>
<msg timestamp="20190528 21:28:38.808" level="WARN">Keyword 'Capture Page Screenshot' could not be run on failure: InvalidSessionIdException: Message: A session is either terminated or not started
</msg>
</errors>
</robot>
